<?xml version="1.0" encoding="UTF-8"?>
<testsuite xmlns:xsi="http://www.w3.org/2001/XMLSchema-instance" xsi:noNamespaceSchemaLocation="https://maven.apache.org/surefire/maven-surefire-plugin/xsd/surefire-test-report-3.0.xsd" version="3.0" name="com.Management.ProductListing.ProductListingApiApplicationTests" time="18.43" tests="1" errors="0" skipped="0" failures="0">
  <properties>
[...]
</properties>
  <testcase name="contextLoads" classname="com.Management.ProductListing.ProductListingApiApplicationTests" time="1.579">
    <system-out><![CDATA[15:21:54.173 [main] INFO org.springframework.test.context.support.AnnotationConfigContextLoaderUtils -- Could not detect default configuration classes for test class [com.Management.ProductListing.ProductListingApiApplicationTests]: ProductListingApiApplicationTests does not declare any static, non-private, non-final, nested classes annotated with @Configuration.
15:21:54.516 [main] INFO org.springframework.boot.test.context.SpringBootTestContextBootstrapper -- Found @SpringBootConfiguration com.Management.ProductListing.ProductListingApiApplication for test class com.Management.ProductListing.ProductListingApiApplicationTests

  .   ____          _            __ _ _
 /\\ / ___'_ __ _ _(_)_ __  __ _ \ \ \ \
( ( )\___ | '_ | '_| | '_ \/ _` | \ \ \ \
 \\/  ___)| |_)| | | | | || (_| |  ) ) ) )
  '  |____| .__|_| |_|_| |_\__, | / / / /
 =========|_|==============|___/=/_/_/_/
 :: Spring Boot ::                (v3.1.1)

2023-10-15T15:21:56.079+05:30  INFO 9808 --- [           main] c.M.P.ProductListingApiApplicationTests  : Starting ProductListingApiApplicationTests using Java 19.0.2 with PID 9808 (started by EmPritam in C:\Users\EmPritam\Desktop\ProductManager\backend\Product-Listing-API)
2023-10-15T15:21:56.082+05:30 DEBUG 9808 --- [           main] c.M.P.ProductListingApiApplicationTests  : Running with Spring Boot v3.1.1, Spring v6.0.10
2023-10-15T15:21:56.084+05:30  INFO 9808 --- [           main] c.M.P.ProductListingApiApplicationTests  : No active profile set, falling back to 1 default profile: "default"
2023-10-15T15:21:56.086+05:30 DEBUG 9808 --- [           main] o.s.boot.SpringApplication               : Loading source class com.Management.ProductListing.ProductListingApiApplication
2023-10-15T15:21:56.230+05:30 DEBUG 9808 --- [           main] o.s.w.c.s.GenericWebApplicationContext   : Refreshing org.springframework.web.context.support.GenericWebApplicationContext@486be205
2023-10-15T15:21:56.335+05:30 DEBUG 9808 --- [           main] o.s.b.f.s.DefaultListableBeanFactory     : Creating shared instance of singleton bean 'org.springframework.context.annotation.internalConfigurationAnnotationProcessor'
2023-10-15T15:21:56.396+05:30 DEBUG 9808 --- [           main] o.s.b.f.s.DefaultListableBeanFactory     : Creating shared instance of singleton bean 'org.springframework.boot.autoconfigure.internalCachingMetadataReaderFactory'
2023-10-15T15:21:56.553+05:30 DEBUG 9808 --- [           main] o.s.c.a.ClassPathBeanDefinitionScanner   : Identified candidate component class: file [C:\Users\EmPritam\Desktop\ProductManager\backend\Product-Listing-API\target\classes\com\Management\ProductListing\controller\ProductController.class]
2023-10-15T15:21:56.562+05:30 DEBUG 9808 --- [           main] o.s.c.a.ClassPathBeanDefinitionScanner   : Ignored because not a concrete top-level class: file [C:\Users\EmPritam\Desktop\ProductManager\backend\Product-Listing-API\target\classes\com\Management\ProductListing\repository\ProductRepository.class]
2023-10-15T15:21:56.566+05:30 DEBUG 9808 --- [           main] o.s.c.a.ClassPathBeanDefinitionScanner   : Identified candidate component class: file [C:\Users\EmPritam\Desktop\ProductManager\backend\Product-Listing-API\target\classes\com\Management\ProductListing\service\ProductServiceImpl.class]
2023-10-15T15:21:57.995+05:30  INFO 9808 --- [           main] .s.d.r.c.RepositoryConfigurationDelegate : Bootstrapping Spring Data JPA repositories in DEFAULT mode.
2023-10-15T15:21:58.028+05:30 DEBUG 9808 --- [           main] o.s.b.f.s.DefaultListableBeanFactory     : Creating shared instance of singleton bean 'org.springframework.boot.autoconfigure.AutoConfigurationPackages'
2023-10-15T15:21:58.050+05:30 DEBUG 9808 --- [           main] o.s.b.a.AutoConfigurationPackages        : @EnableAutoConfiguration was declared on a class in the package 'com.Management.ProductListing'. Automatic @Repository and @Entity scanning is enabled.
2023-10-15T15:21:58.053+05:30 DEBUG 9808 --- [           main] .s.d.r.c.RepositoryConfigurationDelegate : Scanning for JPA repositories in packages com.Management.ProductListing.
2023-10-15T15:21:58.087+05:30 DEBUG 9808 --- [           main] o.s.d.r.c.RepositoryComponentProvider    : Identified candidate component class: file [C:\Users\EmPritam\Desktop\ProductManager\backend\Product-Listing-API\target\classes\com\Management\ProductListing\repository\ProductRepository.class]
2023-10-15T15:21:58.188+05:30 DEBUG 9808 --- [           main] ssPathScanningCandidateComponentProvider : Identified candidate component class: file [C:\Users\EmPritam\Desktop\ProductManager\backend\Product-Listing-API\target\classes\com\Management\ProductListing\service\ProductServiceImpl.class]
2023-10-15T15:21:58.229+05:30  INFO 9808 --- [           main] .s.d.r.c.RepositoryConfigurationDelegate : Finished Spring Data repository scanning in 170 ms. Found 1 JPA repository interfaces.
2023-10-15T15:21:58.742+05:30 DEBUG 9808 --- [           main] o.s.b.f.s.DefaultListableBeanFactory     : Creating shared instance of singleton bean 'propertySourcesPlaceholderConfigurer'
2023-10-15T15:21:58.751+05:30 DEBUG 9808 --- [           main] o.s.b.f.s.DefaultListableBeanFactory     : Creating shared instance of singleton bean 'org.springframework.boot.test.mock.mockito.MockitoPostProcessor'
2023-10-15T15:21:58.754+05:30 DEBUG 9808 --- [           main] o.s.b.f.s.DefaultListableBeanFactory     : Creating shared instance of singleton bean 'emBeanDefinitionRegistrarPostProcessor'
2023-10-15T15:21:58.756+05:30 DEBUG 9808 --- [           main] o.s.b.f.s.DefaultListableBeanFactory     : Creating shared instance of singleton bean 'org.springframework.boot.sql.init.dependency.DatabaseInitializationDependencyConfigurer$DependsOnDatabaseInitializationPostProcessor'
2023-10-15T15:21:58.949+05:30 DEBUG 9808 --- [           main] o.s.b.f.s.DefaultListableBeanFactory     : Creating shared instance of singleton bean 'org.springframework.context.event.internalEventListenerProcessor'
2023-10-15T15:21:58.955+05:30 DEBUG 9808 --- [           main] o.s.b.f.s.DefaultListableBeanFactory     : Creating shared instance of singleton bean 'preserveErrorControllerTargetClassPostProcessor'
2023-10-15T15:21:58.958+05:30 DEBUG 9808 --- [           main] o.s.b.f.s.DefaultListableBeanFactory     : Creating shared instance of singleton bean 'org.springframework.context.event.internalEventListenerFactory'
2023-10-15T15:21:58.959+05:30 DEBUG 9808 --- [           main] o.s.b.f.s.DefaultListableBeanFactory     : Creating shared instance of singleton bean 'org.springframework.transaction.config.internalTransactionalEventListenerFactory'
2023-10-15T15:21:58.970+05:30 DEBUG 9808 --- [           main] o.s.b.f.s.DefaultListableBeanFactory     : Creating shared instance of singleton bean 'org.springframework.boot.test.mock.mockito.MockitoPostProcessor$SpyPostProcessor'
2023-10-15T15:21:58.975+05:30 DEBUG 9808 --- [           main] o.s.b.f.s.DefaultListableBeanFactory     : Creating shared instance of singleton bean 'org.springframework.context.annotation.internalAutowiredAnnotationProcessor'
2023-10-15T15:21:58.982+05:30 DEBUG 9808 --- [           main] o.s.b.f.s.DefaultListableBeanFactory     : Creating shared instance of singleton bean 'org.springframework.context.annotation.internalCommonAnnotationProcessor'
2023-10-15T15:21:58.994+05:30 DEBUG 9808 --- [           main] o.s.b.f.s.DefaultListableBeanFactory     : Creating shared instance of singleton bean 'org.springframework.context.annotation.internalPersistenceAnnotationProcessor'
2023-10-15T15:21:58.996+05:30 DEBUG 9808 --- [           main] o.s.b.f.s.DefaultListableBeanFactory     : Creating shared instance of singleton bean 'org.springframework.boot.context.properties.ConfigurationPropertiesBindingPostProcessor'
2023-10-15T15:21:58.997+05:30 DEBUG 9808 --- [           main] o.s.b.f.s.DefaultListableBeanFactory     : Creating shared instance of singleton bean 'org.springframework.boot.context.internalConfigurationPropertiesBinder'
2023-10-15T15:21:59.006+05:30 DEBUG 9808 --- [           main] o.s.b.f.s.DefaultListableBeanFactory     : Creating shared instance of singleton bean 'jdbcConnectionDetailsHikariBeanPostProcessor'
2023-10-15T15:21:59.020+05:30 DEBUG 9808 --- [           main] o.s.b.f.s.DefaultListableBeanFactory     : Creating shared instance of singleton bean 'org.springframework.aop.config.internalAutoProxyCreator'
2023-10-15T15:21:59.107+05:30 DEBUG 9808 --- [           main] o.s.b.f.s.DefaultListableBeanFactory     : Creating shared instance of singleton bean 'persistenceExceptionTranslationPostProcessor'
2023-10-15T15:21:59.132+05:30 DEBUG 9808 --- [           main] o.s.b.f.s.DefaultListableBeanFactory     : Autowiring by type from bean name 'persistenceExceptionTranslationPostProcessor' via factory method to bean named 'environment'
2023-10-15T15:21:59.144+05:30 DEBUG 9808 --- [           main] o.s.b.f.s.DefaultListableBeanFactory     : Creating shared instance of singleton bean 'webServerFactoryCustomizerBeanPostProcessor'
2023-10-15T15:21:59.147+05:30 DEBUG 9808 --- [           main] o.s.b.f.s.DefaultListableBeanFactory     : Creating shared instance of singleton bean 'errorPageRegistrarBeanPostProcessor'
2023-10-15T15:21:59.149+05:30 DEBUG 9808 --- [           main] o.s.b.f.s.DefaultListableBeanFactory     : Creating shared instance of singleton bean 'projectingArgumentResolverBeanPostProcessor'
2023-10-15T15:21:59.152+05:30 DEBUG 9808 --- [           main] o.s.b.f.s.DefaultListableBeanFactory     : Creating shared instance of singleton bean 'org.springframework.transaction.config.internalTransactionAdvisor'
2023-10-15T15:21:59.153+05:30 DEBUG 9808 --- [           main] o.s.b.f.s.DefaultListableBeanFactory     : Creating shared instance of singleton bean 'org.springframework.transaction.annotation.ProxyTransactionManagementConfiguration'
2023-10-15T15:21:59.181+05:30 DEBUG 9808 --- [           main] o.s.b.f.s.DefaultListableBeanFactory     : Creating shared instance of singleton bean 'transactionAttributeSource'
2023-10-15T15:21:59.186+05:30 DEBUG 9808 --- [           main] o.s.b.f.s.DefaultListableBeanFactory     : Creating shared instance of singleton bean 'transactionInterceptor'
2023-10-15T15:21:59.188+05:30 DEBUG 9808 --- [           main] o.s.b.f.s.DefaultListableBeanFactory     : Autowiring by type from bean name 'transactionInterceptor' via factory method to bean named 'transactionAttributeSource'
2023-10-15T15:21:59.208+05:30 DEBUG 9808 --- [           main] o.s.b.f.s.DefaultListableBeanFactory     : Autowiring by type from bean name 'org.springframework.transaction.config.internalTransactionAdvisor' via factory method to bean named 'transactionAttributeSource'
2023-10-15T15:21:59.209+05:30 DEBUG 9808 --- [           main] o.s.b.f.s.DefaultListableBeanFactory     : Autowiring by type from bean name 'org.springframework.transaction.config.internalTransactionAdvisor' via factory method to bean named 'transactionInterceptor'
2023-10-15T15:21:59.298+05:30 DEBUG 9808 --- [           main] o.s.u.c.s.UiApplicationContextUtils      : Unable to locate ThemeSource with name 'themeSource': using default [org.springframework.ui.context.support.ResourceBundleThemeSource@6d0b0da6]
2023-10-15T15:21:59.302+05:30 DEBUG 9808 --- [           main] o.s.b.f.s.DefaultListableBeanFactory     : Creating shared instance of singleton bean 'dataSourceScriptDatabaseInitializer'
2023-10-15T15:21:59.304+05:30 DEBUG 9808 --- [           main] o.s.b.f.s.DefaultListableBeanFactory     : Creating shared instance of singleton bean 'org.springframework.boot.autoconfigure.sql.init.DataSourceInitializationConfiguration'
2023-10-15T15:21:59.310+05:30 DEBUG 9808 --- [           main] o.s.b.f.s.DefaultListableBeanFactory     : Creating shared instance of singleton bean 'dataSource'
2023-10-15T15:21:59.311+05:30 DEBUG 9808 --- [           main] o.s.b.f.s.DefaultListableBeanFactory     : Creating shared instance of singleton bean 'org.springframework.boot.autoconfigure.jdbc.DataSourceConfiguration$Hikari'
2023-10-15T15:21:59.316+05:30 DEBUG 9808 --- [           main] o.s.b.f.s.DefaultListableBeanFactory     : Creating shared instance of singleton bean 'spring.datasource-org.springframework.boot.autoconfigure.jdbc.DataSourceProperties'
2023-10-15T15:21:59.325+05:30 DEBUG 9808 --- [           main] o.s.b.f.s.DefaultListableBeanFactory     : Creating shared instance of singleton bean 'org.springframework.boot.context.properties.BoundConfigurationProperties'
2023-10-15T15:21:59.426+05:30 DEBUG 9808 --- [           main] o.s.b.f.s.DefaultListableBeanFactory     : Creating shared instance of singleton bean 'jdbcConnectionDetails'
2023-10-15T15:21:59.427+05:30 DEBUG 9808 --- [           main] o.s.b.f.s.DefaultListableBeanFactory     : Creating shared instance of singleton bean 'org.springframework.boot.autoconfigure.jdbc.DataSourceAutoConfiguration$PooledDataSourceConfiguration'
2023-10-15T15:21:59.430+05:30 DEBUG 9808 --- [           main] o.s.b.f.s.DefaultListableBeanFactory     : Autowiring by type from bean name 'jdbcConnectionDetails' via factory method to bean named 'spring.datasource-org.springframework.boot.autoconfigure.jdbc.DataSourceProperties'
2023-10-15T15:21:59.436+05:30 DEBUG 9808 --- [           main] o.s.b.f.s.DefaultListableBeanFactory     : Autowiring by type from bean name 'dataSource' via factory method to bean named 'spring.datasource-org.springframework.boot.autoconfigure.jdbc.DataSourceProperties'
2023-10-15T15:21:59.436+05:30 DEBUG 9808 --- [           main] o.s.b.f.s.DefaultListableBeanFactory     : Autowiring by type from bean name 'dataSource' via factory method to bean named 'jdbcConnectionDetails'
2023-10-15T15:21:59.457+05:30 DEBUG 9808 --- [           main] com.zaxxer.hikari.HikariConfig           : Driver class com.mysql.cj.jdbc.Driver found in Thread context class loader jdk.internal.loader.ClassLoaders$AppClassLoader@c387f44
2023-10-15T15:21:59.578+05:30 DEBUG 9808 --- [           main] o.s.b.f.s.DefaultListableBeanFactory     : Creating shared instance of singleton bean 'spring.sql.init-org.springframework.boot.autoconfigure.sql.init.SqlInitializationProperties'
2023-10-15T15:21:59.590+05:30 DEBUG 9808 --- [           main] o.s.b.f.s.DefaultListableBeanFactory     : Autowiring by type from bean name 'dataSourceScriptDatabaseInitializer' via factory method to bean named 'dataSource'
2023-10-15T15:21:59.590+05:30 DEBUG 9808 --- [           main] o.s.b.f.s.DefaultListableBeanFactory     : Autowiring by type from bean name 'dataSourceScriptDatabaseInitializer' via factory method to bean named 'spring.sql.init-org.springframework.boot.autoconfigure.sql.init.SqlInitializationProperties'
2023-10-15T15:21:59.622+05:30 DEBUG 9808 --- [           main] o.s.b.f.s.DefaultListableBeanFactory     : Creating shared instance of singleton bean 'entityManagerFactory'
2023-10-15T15:21:59.624+05:30 DEBUG 9808 --- [           main] o.s.b.f.s.DefaultListableBeanFactory     : Creating shared instance of singleton bean 'org.springframework.boot.autoconfigure.orm.jpa.HibernateJpaConfiguration'
2023-10-15T15:21:59.627+05:30 DEBUG 9808 --- [           main] o.s.b.f.s.DefaultListableBeanFactory     : Creating shared instance of singleton bean 'spring.jpa-org.springframework.boot.autoconfigure.orm.jpa.JpaProperties'
2023-10-15T15:21:59.635+05:30 DEBUG 9808 --- [           main] o.s.b.f.s.DefaultListableBeanFactory     : Creating shared instance of singleton bean 'spring.jpa.hibernate-org.springframework.boot.autoconfigure.orm.jpa.HibernateProperties'
2023-10-15T15:21:59.642+05:30 DEBUG 9808 --- [           main] o.s.b.f.s.DefaultListableBeanFactory     : Autowiring by type from bean name 'org.springframework.boot.autoconfigure.orm.jpa.HibernateJpaConfiguration' via constructor to bean named 'dataSource'
2023-10-15T15:21:59.642+05:30 DEBUG 9808 --- [           main] o.s.b.f.s.DefaultListableBeanFactory     : Autowiring by type from bean name 'org.springframework.boot.autoconfigure.orm.jpa.HibernateJpaConfiguration' via constructor to bean named 'spring.jpa-org.springframework.boot.autoconfigure.orm.jpa.JpaProperties'
2023-10-15T15:21:59.643+05:30 DEBUG 9808 --- [           main] o.s.b.f.s.DefaultListableBeanFactory     : Autowiring by type from bean name 'org.springframework.boot.autoconfigure.orm.jpa.HibernateJpaConfiguration' via constructor to bean named 'org.springframework.beans.factory.support.DefaultListableBeanFactory@757f675c'
2023-10-15T15:21:59.643+05:30 DEBUG 9808 --- [           main] o.s.b.f.s.DefaultListableBeanFactory     : Autowiring by type from bean name 'org.springframework.boot.autoconfigure.orm.jpa.HibernateJpaConfiguration' via constructor to bean named 'spring.jpa.hibernate-org.springframework.boot.autoconfigure.orm.jpa.HibernateProperties'
2023-10-15T15:21:59.656+05:30 DEBUG 9808 --- [           main] o.s.b.f.s.DefaultListableBeanFactory     : Creating shared instance of singleton bean 'hikariPoolDataSourceMetadataProvider'
2023-10-15T15:21:59.657+05:30 DEBUG 9808 --- [           main] o.s.b.f.s.DefaultListableBeanFactory     : Creating shared instance of singleton bean 'org.springframework.boot.autoconfigure.jdbc.metadata.DataSourcePoolMetadataProvidersConfiguration$HikariPoolDataSourceMetadataProviderConfiguration'
2023-10-15T15:21:59.683+05:30 DEBUG 9808 --- [           main] o.s.b.f.s.DefaultListableBeanFactory     : Creating shared instance of singleton bean 'entityManagerFactoryBuilder'
2023-10-15T15:21:59.686+05:30 DEBUG 9808 --- [           main] o.s.b.f.s.DefaultListableBeanFactory     : Creating shared instance of singleton bean 'jpaVendorAdapter'
2023-10-15T15:21:59.770+05:30 DEBUG 9808 --- [           main] org.jboss.logging                        : Logging Provider: org.jboss.logging.Slf4jLoggerProvider found via system property
2023-10-15T15:21:59.796+05:30 DEBUG 9808 --- [           main] o.s.b.f.s.DefaultListableBeanFactory     : Autowiring by type from bean name 'entityManagerFactoryBuilder' via factory method to bean named 'jpaVendorAdapter'
2023-10-15T15:21:59.816+05:30 DEBUG 9808 --- [           main] o.s.b.f.s.DefaultListableBeanFactory     : Creating shared instance of singleton bean 'persistenceManagedTypes'
2023-10-15T15:21:59.820+05:30 DEBUG 9808 --- [           main] o.s.b.f.s.DefaultListableBeanFactory     : Autowiring by type from bean name 'persistenceManagedTypes' via factory method to bean named 'org.springframework.beans.factory.support.DefaultListableBeanFactory@757f675c'
2023-10-15T15:21:59.821+05:30 DEBUG 9808 --- [           main] o.s.b.f.s.DefaultListableBeanFactory     : Autowiring by type from bean name 'persistenceManagedTypes' via factory method to bean named 'org.springframework.web.context.support.GenericWebApplicationContext@486be205'
2023-10-15T15:21:59.856+05:30 DEBUG 9808 --- [           main] o.s.b.f.s.DefaultListableBeanFactory     : Autowiring by type from bean name 'entityManagerFactory' via factory method to bean named 'entityManagerFactoryBuilder'
2023-10-15T15:21:59.856+05:30 DEBUG 9808 --- [           main] o.s.b.f.s.DefaultListableBeanFactory     : Autowiring by type from bean name 'entityManagerFactory' via factory method to bean named 'persistenceManagedTypes'
2023-10-15T15:21:59.935+05:30 DEBUG 9808 --- [           main] j.LocalContainerEntityManagerFactoryBean : Building JPA container EntityManagerFactory for persistence unit 'default'
2023-10-15T15:22:00.072+05:30 DEBUG 9808 --- [           main] o.hibernate.jpa.internal.util.LogHelper  : PersistenceUnitInfo [
	name: default
	persistence provider classname: null
	classloader: jdk.internal.loader.ClassLoaders$AppClassLoader@c387f44
	excludeUnlistedClasses: true
	JTA datasource: null
	Non JTA datasource: HikariDataSource (null)
	Transaction type: RESOURCE_LOCAL
	PU root URL: file:/C:/Users/EmPritam/Desktop/ProductManager/backend/Product-Listing-API/target/test-classes/
	Shared Cache Mode: UNSPECIFIED
	Validation Mode: AUTO
	Jar files URLs []
	Managed classes names [
		com.Management.ProductListing.model.Product]
	Mapping files names []
	Properties []
2023-10-15T15:22:00.143+05:30 DEBUG 9808 --- [           main] o.h.i.internal.IntegratorServiceImpl     : Adding Integrator [org.hibernate.boot.beanvalidation.BeanValidationIntegrator].
2023-10-15T15:22:00.150+05:30 DEBUG 9808 --- [           main] o.h.i.internal.IntegratorServiceImpl     : Adding Integrator [org.hibernate.cache.internal.CollectionCacheInvalidator].
2023-10-15T15:22:00.298+05:30  INFO 9808 --- [           main] org.hibernate.Version                    : HHH000412: Hibernate ORM core version 6.2.5.Final
2023-10-15T15:22:00.300+05:30 DEBUG 9808 --- [           main] org.hibernate.cfg.Environment            : HHH000206: hibernate.properties not found
2023-10-15T15:22:00.304+05:30  INFO 9808 --- [           main] org.hibernate.cfg.Environment            : HHH000406: Using bytecode reflection optimizer
2023-10-15T15:22:00.361+05:30 DEBUG 9808 --- [           main] org.hibernate.orm.idgen.factory          : Registering IdentifierGenerator strategy [uuid2] -> [org.hibernate.id.UUIDGenerator]
2023-10-15T15:22:00.362+05:30 DEBUG 9808 --- [           main] org.hibernate.orm.idgen.factory          : Registering IdentifierGenerator strategy [guid] -> [org.hibernate.id.GUIDGenerator]
2023-10-15T15:22:00.364+05:30 DEBUG 9808 --- [           main] org.hibernate.orm.idgen.factory          : Registering IdentifierGenerator strategy [uuid] -> [org.hibernate.id.UUIDHexGenerator]
2023-10-15T15:22:00.364+05:30 DEBUG 9808 --- [           main] org.hibernate.orm.idgen.factory          : Registering IdentifierGenerator strategy [uuid.hex] -> [org.hibernate.id.UUIDHexGenerator]
2023-10-15T15:22:00.365+05:30 DEBUG 9808 --- [           main] org.hibernate.orm.idgen.factory          : Registering IdentifierGenerator strategy [assigned] -> [org.hibernate.id.Assigned]
2023-10-15T15:22:00.368+05:30 DEBUG 9808 --- [           main] org.hibernate.orm.idgen.factory          : Registering IdentifierGenerator strategy [identity] -> [org.hibernate.id.IdentityGenerator]
2023-10-15T15:22:00.369+05:30 DEBUG 9808 --- [           main] org.hibernate.orm.idgen.factory          : Registering IdentifierGenerator strategy [select] -> [org.hibernate.id.SelectGenerator]
2023-10-15T15:22:00.372+05:30 DEBUG 9808 --- [           main] org.hibernate.orm.idgen.factory          : Registering IdentifierGenerator strategy [sequence] -> [org.hibernate.id.enhanced.SequenceStyleGenerator]
2023-10-15T15:22:00.374+05:30 DEBUG 9808 --- [           main] org.hibernate.orm.idgen.factory          : Registering IdentifierGenerator strategy [increment] -> [org.hibernate.id.IncrementGenerator]
2023-10-15T15:22:00.375+05:30 DEBUG 9808 --- [           main] org.hibernate.orm.idgen.factory          : Registering IdentifierGenerator strategy [foreign] -> [org.hibernate.id.ForeignGenerator]
2023-10-15T15:22:00.375+05:30 DEBUG 9808 --- [           main] org.hibernate.orm.idgen.factory          : Registering IdentifierGenerator strategy [enhanced-sequence] -> [org.hibernate.id.enhanced.SequenceStyleGenerator]
2023-10-15T15:22:00.378+05:30 DEBUG 9808 --- [           main] org.hibernate.orm.idgen.factory          : Registering IdentifierGenerator strategy [enhanced-table] -> [org.hibernate.id.enhanced.TableGenerator]
2023-10-15T15:22:00.395+05:30 DEBUG 9808 --- [           main] o.h.c.internal.RegionFactoryInitiator    : Cannot default RegionFactory based on registered strategies as `[]` RegionFactory strategies were registered
2023-10-15T15:22:00.407+05:30 DEBUG 9808 --- [           main] o.h.c.internal.RegionFactoryInitiator    : Cache region factory : org.hibernate.cache.internal.NoCachingRegionFactory
2023-10-15T15:22:00.810+05:30 DEBUG 9808 --- [           main] org.hibernate.type.BasicTypeRegistry     : Adding type registration boolean -> org.hibernate.type.BasicTypeReference@7d8cf9ac
2023-10-15T15:22:00.810+05:30 DEBUG 9808 --- [           main] org.hibernate.type.BasicTypeRegistry     : Adding type registration boolean -> org.hibernate.type.BasicTypeReference@7d8cf9ac
2023-10-15T15:22:00.810+05:30 DEBUG 9808 --- [           main] org.hibernate.type.BasicTypeRegistry     : Adding type registration java.lang.Boolean -> org.hibernate.type.BasicTypeReference@7d8cf9ac
2023-10-15T15:22:00.811+05:30 DEBUG 9808 --- [           main] org.hibernate.type.BasicTypeRegistry     : Adding type registration numeric_boolean -> org.hibernate.type.BasicTypeReference@5f0bab7e
2023-10-15T15:22:00.811+05:30 DEBUG 9808 --- [           main] org.hibernate.type.BasicTypeRegistry     : Adding type registration org.hibernate.type.NumericBooleanConverter -> org.hibernate.type.BasicTypeReference@5f0bab7e
2023-10-15T15:22:00.811+05:30 DEBUG 9808 --- [           main] org.hibernate.type.BasicTypeRegistry     : Adding type registration true_false -> org.hibernate.type.BasicTypeReference@3a7b2e2
2023-10-15T15:22:00.811+05:30 DEBUG 9808 --- [           main] org.hibernate.type.BasicTypeRegistry     : Adding type registration org.hibernate.type.TrueFalseConverter -> org.hibernate.type.BasicTypeReference@3a7b2e2
2023-10-15T15:22:00.811+05:30 DEBUG 9808 --- [           main] org.hibernate.type.BasicTypeRegistry     : Adding type registration yes_no -> org.hibernate.type.BasicTypeReference@337a6d30
2023-10-15T15:22:00.812+05:30 DEBUG 9808 --- [           main] org.hibernate.type.BasicTypeRegistry     : Adding type registration org.hibernate.type.YesNoConverter -> org.hibernate.type.BasicTypeReference@337a6d30
2023-10-15T15:22:00.812+05:30 DEBUG 9808 --- [           main] org.hibernate.type.BasicTypeRegistry     : Adding type registration byte -> org.hibernate.type.BasicTypeReference@2921a36a
2023-10-15T15:22:00.812+05:30 DEBUG 9808 --- [           main] org.hibernate.type.BasicTypeRegistry     : Adding type registration byte -> org.hibernate.type.BasicTypeReference@2921a36a
2023-10-15T15:22:00.812+05:30 DEBUG 9808 --- [           main] org.hibernate.type.BasicTypeRegistry     : Adding type registration java.lang.Byte -> org.hibernate.type.BasicTypeReference@2921a36a
2023-10-15T15:22:00.812+05:30 DEBUG 9808 --- [           main] org.hibernate.type.BasicTypeRegistry     : Adding type registration binary -> org.hibernate.type.BasicTypeReference@2b73bd6b
2023-10-15T15:22:00.812+05:30 DEBUG 9808 --- [           main] org.hibernate.type.BasicTypeRegistry     : Adding type registration byte[] -> org.hibernate.type.BasicTypeReference@2b73bd6b
2023-10-15T15:22:00.813+05:30 DEBUG 9808 --- [           main] org.hibernate.type.BasicTypeRegistry     : Adding type registration [B -> org.hibernate.type.BasicTypeReference@2b73bd6b
2023-10-15T15:22:00.813+05:30 DEBUG 9808 --- [           main] org.hibernate.type.BasicTypeRegistry     : Adding type registration binary_wrapper -> org.hibernate.type.BasicTypeReference@157d3a45
2023-10-15T15:22:00.813+05:30 DEBUG 9808 --- [           main] org.hibernate.type.BasicTypeRegistry     : Adding type registration wrapper-binary -> org.hibernate.type.BasicTypeReference@157d3a45
2023-10-15T15:22:00.813+05:30 DEBUG 9808 --- [           main] org.hibernate.type.BasicTypeRegistry     : Adding type registration image -> org.hibernate.type.BasicTypeReference@750ed637
2023-10-15T15:22:00.814+05:30 DEBUG 9808 --- [           main] org.hibernate.type.BasicTypeRegistry     : Adding type registration blob -> org.hibernate.type.BasicTypeReference@5190010f
2023-10-15T15:22:00.814+05:30 DEBUG 9808 --- [           main] org.hibernate.type.BasicTypeRegistry     : Adding type registration java.sql.Blob -> org.hibernate.type.BasicTypeReference@5190010f
2023-10-15T15:22:00.814+05:30 DEBUG 9808 --- [           main] org.hibernate.type.BasicTypeRegistry     : Adding type registration materialized_blob -> org.hibernate.type.BasicTypeReference@673e76b3
2023-10-15T15:22:00.814+05:30 DEBUG 9808 --- [           main] org.hibernate.type.BasicTypeRegistry     : Adding type registration materialized_blob_wrapper -> org.hibernate.type.BasicTypeReference@1bedc703
2023-10-15T15:22:00.814+05:30 DEBUG 9808 --- [           main] org.hibernate.type.BasicTypeRegistry     : Adding type registration short -> org.hibernate.type.BasicTypeReference@18d11527
2023-10-15T15:22:00.814+05:30 DEBUG 9808 --- [           main] org.hibernate.type.BasicTypeRegistry     : Adding type registration short -> org.hibernate.type.BasicTypeReference@18d11527
2023-10-15T15:22:00.814+05:30 DEBUG 9808 --- [           main] org.hibernate.type.BasicTypeRegistry     : Adding type registration java.lang.Short -> org.hibernate.type.BasicTypeReference@18d11527
2023-10-15T15:22:00.814+05:30 DEBUG 9808 --- [           main] org.hibernate.type.BasicTypeRegistry     : Adding type registration integer -> org.hibernate.type.BasicTypeReference@4998e74b
2023-10-15T15:22:00.814+05:30 DEBUG 9808 --- [           main] org.hibernate.type.BasicTypeRegistry     : Adding type registration int -> org.hibernate.type.BasicTypeReference@4998e74b
2023-10-15T15:22:00.814+05:30 DEBUG 9808 --- [           main] org.hibernate.type.BasicTypeRegistry     : Adding type registration java.lang.Integer -> org.hibernate.type.BasicTypeReference@4998e74b
2023-10-15T15:22:00.814+05:30 DEBUG 9808 --- [           main] org.hibernate.type.BasicTypeRegistry     : Adding type registration long -> org.hibernate.type.BasicTypeReference@5d878b25
2023-10-15T15:22:00.814+05:30 DEBUG 9808 --- [           main] org.hibernate.type.BasicTypeRegistry     : Adding type registration long -> org.hibernate.type.BasicTypeReference@5d878b25
2023-10-15T15:22:00.815+05:30 DEBUG 9808 --- [           main] org.hibernate.type.BasicTypeRegistry     : Adding type registration java.lang.Long -> org.hibernate.type.BasicTypeReference@5d878b25
2023-10-15T15:22:00.815+05:30 DEBUG 9808 --- [           main] org.hibernate.type.BasicTypeRegistry     : Adding type registration float -> org.hibernate.type.BasicTypeReference@28279a49
2023-10-15T15:22:00.815+05:30 DEBUG 9808 --- [           main] org.hibernate.type.BasicTypeRegistry     : Adding type registration float -> org.hibernate.type.BasicTypeReference@28279a49
2023-10-15T15:22:00.815+05:30 DEBUG 9808 --- [           main] org.hibernate.type.BasicTypeRegistry     : Adding type registration java.lang.Float -> org.hibernate.type.BasicTypeReference@28279a49
2023-10-15T15:22:00.815+05:30 DEBUG 9808 --- [           main] org.hibernate.type.BasicTypeRegistry     : Adding type registration double -> org.hibernate.type.BasicTypeReference@384fda47
2023-10-15T15:22:00.815+05:30 DEBUG 9808 --- [           main] org.hibernate.type.BasicTypeRegistry     : Adding type registration double -> org.hibernate.type.BasicTypeReference@384fda47
2023-10-15T15:22:00.815+05:30 DEBUG 9808 --- [           main] org.hibernate.type.BasicTypeRegistry     : Adding type registration java.lang.Double -> org.hibernate.type.BasicTypeReference@384fda47
2023-10-15T15:22:00.815+05:30 DEBUG 9808 --- [           main] org.hibernate.type.BasicTypeRegistry     : Adding type registration big_integer -> org.hibernate.type.BasicTypeReference@3663d0ba
2023-10-15T15:22:00.816+05:30 DEBUG 9808 --- [           main] org.hibernate.type.BasicTypeRegistry     : Adding type registration java.math.BigInteger -> org.hibernate.type.BasicTypeReference@3663d0ba
2023-10-15T15:22:00.816+05:30 DEBUG 9808 --- [           main] org.hibernate.type.BasicTypeRegistry     : Adding type registration big_decimal -> org.hibernate.type.BasicTypeReference@575cabf0
2023-10-15T15:22:00.816+05:30 DEBUG 9808 --- [           main] org.hibernate.type.BasicTypeRegistry     : Adding type registration java.math.BigDecimal -> org.hibernate.type.BasicTypeReference@575cabf0
2023-10-15T15:22:00.816+05:30 DEBUG 9808 --- [           main] org.hibernate.type.BasicTypeRegistry     : Adding type registration character -> org.hibernate.type.BasicTypeReference@433d9680
2023-10-15T15:22:00.816+05:30 DEBUG 9808 --- [           main] org.hibernate.type.BasicTypeRegistry     : Adding type registration char -> org.hibernate.type.BasicTypeReference@433d9680
2023-10-15T15:22:00.816+05:30 DEBUG 9808 --- [           main] org.hibernate.type.BasicTypeRegistry     : Adding type registration java.lang.Character -> org.hibernate.type.BasicTypeReference@433d9680
2023-10-15T15:22:00.816+05:30 DEBUG 9808 --- [           main] org.hibernate.type.BasicTypeRegistry     : Adding type registration character_nchar -> org.hibernate.type.BasicTypeReference@566e142
2023-10-15T15:22:00.816+05:30 DEBUG 9808 --- [           main] org.hibernate.type.BasicTypeRegistry     : Adding type registration string -> org.hibernate.type.BasicTypeReference@2da81754
2023-10-15T15:22:00.816+05:30 DEBUG 9808 --- [           main] org.hibernate.type.BasicTypeRegistry     : Adding type registration java.lang.String -> org.hibernate.type.BasicTypeReference@2da81754
2023-10-15T15:22:00.816+05:30 DEBUG 9808 --- [           main] org.hibernate.type.BasicTypeRegistry     : Adding type registration nstring -> org.hibernate.type.BasicTypeReference@1f992a3a
2023-10-15T15:22:00.817+05:30 DEBUG 9808 --- [           main] org.hibernate.type.BasicTypeRegistry     : Adding type registration characters -> org.hibernate.type.BasicTypeReference@30bf26df
2023-10-15T15:22:00.817+05:30 DEBUG 9808 --- [           main] org.hibernate.type.BasicTypeRegistry     : Adding type registration char[] -> org.hibernate.type.BasicTypeReference@30bf26df
2023-10-15T15:22:00.817+05:30 DEBUG 9808 --- [           main] org.hibernate.type.BasicTypeRegistry     : Adding type registration [C -> org.hibernate.type.BasicTypeReference@30bf26df
2023-10-15T15:22:00.817+05:30 DEBUG 9808 --- [           main] org.hibernate.type.BasicTypeRegistry     : Adding type registration wrapper-characters -> org.hibernate.type.BasicTypeReference@261bd7b
2023-10-15T15:22:00.817+05:30 DEBUG 9808 --- [           main] org.hibernate.type.BasicTypeRegistry     : Adding type registration text -> org.hibernate.type.BasicTypeReference@6f9e08d4
2023-10-15T15:22:00.817+05:30 DEBUG 9808 --- [           main] org.hibernate.type.BasicTypeRegistry     : Adding type registration ntext -> org.hibernate.type.BasicTypeReference@390037e7
2023-10-15T15:22:00.817+05:30 DEBUG 9808 --- [           main] org.hibernate.type.BasicTypeRegistry     : Adding type registration clob -> org.hibernate.type.BasicTypeReference@704067c6
2023-10-15T15:22:00.817+05:30 DEBUG 9808 --- [           main] org.hibernate.type.BasicTypeRegistry     : Adding type registration java.sql.Clob -> org.hibernate.type.BasicTypeReference@704067c6
2023-10-15T15:22:00.818+05:30 DEBUG 9808 --- [           main] org.hibernate.type.BasicTypeRegistry     : Adding type registration nclob -> org.hibernate.type.BasicTypeReference@7f4596d0
2023-10-15T15:22:00.818+05:30 DEBUG 9808 --- [           main] org.hibernate.type.BasicTypeRegistry     : Adding type registration java.sql.NClob -> org.hibernate.type.BasicTypeReference@7f4596d0
2023-10-15T15:22:00.818+05:30 DEBUG 9808 --- [           main] org.hibernate.type.BasicTypeRegistry     : Adding type registration materialized_clob -> org.hibernate.type.BasicTypeReference@6002e944
2023-10-15T15:22:00.818+05:30 DEBUG 9808 --- [           main] org.hibernate.type.BasicTypeRegistry     : Adding type registration materialized_clob_char_array -> org.hibernate.type.BasicTypeReference@588545ac
2023-10-15T15:22:00.818+05:30 DEBUG 9808 --- [           main] org.hibernate.type.BasicTypeRegistry     : Adding type registration materialized_clob_character_array -> org.hibernate.type.BasicTypeReference@2b08772d
2023-10-15T15:22:00.818+05:30 DEBUG 9808 --- [           main] org.hibernate.type.BasicTypeRegistry     : Adding type registration materialized_nclob -> org.hibernate.type.BasicTypeReference@78a8978a
2023-10-15T15:22:00.818+05:30 DEBUG 9808 --- [           main] org.hibernate.type.BasicTypeRegistry     : Adding type registration materialized_nclob_character_array -> org.hibernate.type.BasicTypeReference@f171912
2023-10-15T15:22:00.818+05:30 DEBUG 9808 --- [           main] org.hibernate.type.BasicTypeRegistry     : Adding type registration materialized_nclob_char_array -> org.hibernate.type.BasicTypeReference@7d4d8579
2023-10-15T15:22:00.818+05:30 DEBUG 9808 --- [           main] org.hibernate.type.BasicTypeRegistry     : Adding type registration Duration -> org.hibernate.type.BasicTypeReference@159424e2
2023-10-15T15:22:00.819+05:30 DEBUG 9808 --- [           main] org.hibernate.type.BasicTypeRegistry     : Adding type registration java.time.Duration -> org.hibernate.type.BasicTypeReference@159424e2
2023-10-15T15:22:00.819+05:30 DEBUG 9808 --- [           main] org.hibernate.type.BasicTypeRegistry     : Adding type registration LocalDateTime -> org.hibernate.type.BasicTypeReference@29bcf51d
2023-10-15T15:22:00.819+05:30 DEBUG 9808 --- [           main] org.hibernate.type.BasicTypeRegistry     : Adding type registration java.time.LocalDateTime -> org.hibernate.type.BasicTypeReference@29bcf51d
2023-10-15T15:22:00.819+05:30 DEBUG 9808 --- [           main] org.hibernate.type.BasicTypeRegistry     : Adding type registration LocalDate -> org.hibernate.type.BasicTypeReference@1e54a6b1
2023-10-15T15:22:00.819+05:30 DEBUG 9808 --- [           main] org.hibernate.type.BasicTypeRegistry     : Adding type registration java.time.LocalDate -> org.hibernate.type.BasicTypeReference@1e54a6b1
2023-10-15T15:22:00.819+05:30 DEBUG 9808 --- [           main] org.hibernate.type.BasicTypeRegistry     : Adding type registration LocalTime -> org.hibernate.type.BasicTypeReference@f238e4f
2023-10-15T15:22:00.819+05:30 DEBUG 9808 --- [           main] org.hibernate.type.BasicTypeRegistry     : Adding type registration java.time.LocalTime -> org.hibernate.type.BasicTypeReference@f238e4f
2023-10-15T15:22:00.820+05:30 DEBUG 9808 --- [           main] org.hibernate.type.BasicTypeRegistry     : Adding type registration OffsetDateTime -> org.hibernate.type.BasicTypeReference@3b24087d
2023-10-15T15:22:00.820+05:30 DEBUG 9808 --- [           main] org.hibernate.type.BasicTypeRegistry     : Adding type registration java.time.OffsetDateTime -> org.hibernate.type.BasicTypeReference@3b24087d
2023-10-15T15:22:00.820+05:30 DEBUG 9808 --- [           main] org.hibernate.type.BasicTypeRegistry     : Adding type registration OffsetDateTimeWithTimezone -> org.hibernate.type.BasicTypeReference@75fe1619
2023-10-15T15:22:00.820+05:30 DEBUG 9808 --- [           main] org.hibernate.type.BasicTypeRegistry     : Adding type registration OffsetDateTimeWithoutTimezone -> org.hibernate.type.BasicTypeReference@4e245739
2023-10-15T15:22:00.820+05:30 DEBUG 9808 --- [           main] org.hibernate.type.BasicTypeRegistry     : Adding type registration OffsetTime -> org.hibernate.type.BasicTypeReference@5d66e944
2023-10-15T15:22:00.820+05:30 DEBUG 9808 --- [           main] org.hibernate.type.BasicTypeRegistry     : Adding type registration java.time.OffsetTime -> org.hibernate.type.BasicTypeReference@5d66e944
2023-10-15T15:22:00.820+05:30 DEBUG 9808 --- [           main] org.hibernate.type.BasicTypeRegistry     : Adding type registration OffsetTimeUtc -> org.hibernate.type.BasicTypeReference@469a7575
2023-10-15T15:22:00.820+05:30 DEBUG 9808 --- [           main] org.hibernate.type.BasicTypeRegistry     : Adding type registration OffsetTimeWithTimezone -> org.hibernate.type.BasicTypeReference@4351ed61
2023-10-15T15:22:00.821+05:30 DEBUG 9808 --- [           main] org.hibernate.type.BasicTypeRegistry     : Adding type registration OffsetTimeWithoutTimezone -> org.hibernate.type.BasicTypeReference@2f20f7ad
2023-10-15T15:22:00.821+05:30 DEBUG 9808 --- [           main] org.hibernate.type.BasicTypeRegistry     : Adding type registration ZonedDateTime -> org.hibernate.type.BasicTypeReference@45e617c4
2023-10-15T15:22:00.821+05:30 DEBUG 9808 --- [           main] org.hibernate.type.BasicTypeRegistry     : Adding type registration java.time.ZonedDateTime -> org.hibernate.type.BasicTypeReference@45e617c4
2023-10-15T15:22:00.821+05:30 DEBUG 9808 --- [           main] org.hibernate.type.BasicTypeRegistry     : Adding type registration ZonedDateTimeWithTimezone -> org.hibernate.type.BasicTypeReference@5042e3d0
2023-10-15T15:22:00.821+05:30 DEBUG 9808 --- [           main] org.hibernate.type.BasicTypeRegistry     : Adding type registration ZonedDateTimeWithoutTimezone -> org.hibernate.type.BasicTypeReference@1c34365c
2023-10-15T15:22:00.821+05:30 DEBUG 9808 --- [           main] org.hibernate.type.BasicTypeRegistry     : Adding type registration date -> org.hibernate.type.BasicTypeReference@348137e8
2023-10-15T15:22:00.821+05:30 DEBUG 9808 --- [           main] org.hibernate.type.BasicTypeRegistry     : Adding type registration java.sql.Date -> org.hibernate.type.BasicTypeReference@348137e8
2023-10-15T15:22:00.821+05:30 DEBUG 9808 --- [           main] org.hibernate.type.BasicTypeRegistry     : Adding type registration time -> org.hibernate.type.BasicTypeReference@412c5e8b
2023-10-15T15:22:00.821+05:30 DEBUG 9808 --- [           main] org.hibernate.type.BasicTypeRegistry     : Adding type registration java.sql.Time -> org.hibernate.type.BasicTypeReference@412c5e8b
2023-10-15T15:22:00.822+05:30 DEBUG 9808 --- [           main] org.hibernate.type.BasicTypeRegistry     : Adding type registration timestamp -> org.hibernate.type.BasicTypeReference@637791d
2023-10-15T15:22:00.822+05:30 DEBUG 9808 --- [           main] org.hibernate.type.BasicTypeRegistry     : Adding type registration java.sql.Timestamp -> org.hibernate.type.BasicTypeReference@637791d
2023-10-15T15:22:00.822+05:30 DEBUG 9808 --- [           main] org.hibernate.type.BasicTypeRegistry     : Adding type registration java.util.Date -> org.hibernate.type.BasicTypeReference@637791d
2023-10-15T15:22:00.822+05:30 DEBUG 9808 --- [           main] org.hibernate.type.BasicTypeRegistry     : Adding type registration calendar -> org.hibernate.type.BasicTypeReference@3b0c3951
2023-10-15T15:22:00.822+05:30 DEBUG 9808 --- [           main] org.hibernate.type.BasicTypeRegistry     : Adding type registration java.util.Calendar -> org.hibernate.type.BasicTypeReference@3b0c3951
2023-10-15T15:22:00.822+05:30 DEBUG 9808 --- [           main] org.hibernate.type.BasicTypeRegistry     : Adding type registration java.util.GregorianCalendar -> org.hibernate.type.BasicTypeReference@3b0c3951
2023-10-15T15:22:00.822+05:30 DEBUG 9808 --- [           main] org.hibernate.type.BasicTypeRegistry     : Adding type registration calendar_date -> org.hibernate.type.BasicTypeReference@60f77af
2023-10-15T15:22:00.822+05:30 DEBUG 9808 --- [           main] org.hibernate.type.BasicTypeRegistry     : Adding type registration calendar_time -> org.hibernate.type.BasicTypeReference@2574a9e3
2023-10-15T15:22:00.822+05:30 DEBUG 9808 --- [           main] org.hibernate.type.BasicTypeRegistry     : Adding type registration instant -> org.hibernate.type.BasicTypeReference@18b6d3c1
2023-10-15T15:22:00.822+05:30 DEBUG 9808 --- [           main] org.hibernate.type.BasicTypeRegistry     : Adding type registration java.time.Instant -> org.hibernate.type.BasicTypeReference@18b6d3c1
2023-10-15T15:22:00.823+05:30 DEBUG 9808 --- [           main] org.hibernate.type.BasicTypeRegistry     : Adding type registration uuid -> org.hibernate.type.BasicTypeReference@422ab737
2023-10-15T15:22:00.823+05:30 DEBUG 9808 --- [           main] org.hibernate.type.BasicTypeRegistry     : Adding type registration java.util.UUID -> org.hibernate.type.BasicTypeReference@422ab737
2023-10-15T15:22:00.823+05:30 DEBUG 9808 --- [           main] org.hibernate.type.BasicTypeRegistry     : Adding type registration pg-uuid -> org.hibernate.type.BasicTypeReference@422ab737
2023-10-15T15:22:00.823+05:30 DEBUG 9808 --- [           main] org.hibernate.type.BasicTypeRegistry     : Adding type registration uuid-binary -> org.hibernate.type.BasicTypeReference@3fe512d2
2023-10-15T15:22:00.823+05:30 DEBUG 9808 --- [           main] org.hibernate.type.BasicTypeRegistry     : Adding type registration uuid-char -> org.hibernate.type.BasicTypeReference@3fde8f7c
2023-10-15T15:22:00.823+05:30 DEBUG 9808 --- [           main] org.hibernate.type.BasicTypeRegistry     : Adding type registration class -> org.hibernate.type.BasicTypeReference@11d86b9d
2023-10-15T15:22:00.823+05:30 DEBUG 9808 --- [           main] org.hibernate.type.BasicTypeRegistry     : Adding type registration java.lang.Class -> org.hibernate.type.BasicTypeReference@11d86b9d
2023-10-15T15:22:00.824+05:30 DEBUG 9808 --- [           main] org.hibernate.type.BasicTypeRegistry     : Adding type registration currency -> org.hibernate.type.BasicTypeReference@6dce59e
2023-10-15T15:22:00.825+05:30 DEBUG 9808 --- [           main] org.hibernate.type.BasicTypeRegistry     : Adding type registration Currency -> org.hibernate.type.BasicTypeReference@6dce59e
2023-10-15T15:22:00.825+05:30 DEBUG 9808 --- [           main] org.hibernate.type.BasicTypeRegistry     : Adding type registration java.util.Currency -> org.hibernate.type.BasicTypeReference@6dce59e
2023-10-15T15:22:00.825+05:30 DEBUG 9808 --- [           main] org.hibernate.type.BasicTypeRegistry     : Adding type registration locale -> org.hibernate.type.BasicTypeReference@5ad6cc21
2023-10-15T15:22:00.825+05:30 DEBUG 9808 --- [           main] org.hibernate.type.BasicTypeRegistry     : Adding type registration java.util.Locale -> org.hibernate.type.BasicTypeReference@5ad6cc21
2023-10-15T15:22:00.825+05:30 DEBUG 9808 --- [           main] org.hibernate.type.BasicTypeRegistry     : Adding type registration serializable -> org.hibernate.type.BasicTypeReference@800d065
2023-10-15T15:22:00.825+05:30 DEBUG 9808 --- [           main] org.hibernate.type.BasicTypeRegistry     : Adding type registration java.io.Serializable -> org.hibernate.type.BasicTypeReference@800d065
2023-10-15T15:22:00.825+05:30 DEBUG 9808 --- [           main] org.hibernate.type.BasicTypeRegistry     : Adding type registration timezone -> org.hibernate.type.BasicTypeReference@691124ee
2023-10-15T15:22:00.825+05:30 DEBUG 9808 --- [           main] org.hibernate.type.BasicTypeRegistry     : Adding type registration java.util.TimeZone -> org.hibernate.type.BasicTypeReference@691124ee
2023-10-15T15:22:00.825+05:30 DEBUG 9808 --- [           main] org.hibernate.type.BasicTypeRegistry     : Adding type registration ZoneOffset -> org.hibernate.type.BasicTypeReference@38d80d65
2023-10-15T15:22:00.826+05:30 DEBUG 9808 --- [           main] org.hibernate.type.BasicTypeRegistry     : Adding type registration java.time.ZoneOffset -> org.hibernate.type.BasicTypeReference@38d80d65
2023-10-15T15:22:00.826+05:30 DEBUG 9808 --- [           main] org.hibernate.type.BasicTypeRegistry     : Adding type registration url -> org.hibernate.type.BasicTypeReference@5403799b
2023-10-15T15:22:00.826+05:30 DEBUG 9808 --- [           main] org.hibernate.type.BasicTypeRegistry     : Adding type registration java.net.URL -> org.hibernate.type.BasicTypeReference@5403799b
2023-10-15T15:22:00.826+05:30 DEBUG 9808 --- [           main] org.hibernate.type.BasicTypeRegistry     : Adding type registration row_version -> org.hibernate.type.BasicTypeReference@5a0e0886
2023-10-15T15:22:00.836+05:30 DEBUG 9808 --- [           main] org.hibernate.type.BasicTypeRegistry     : Adding type registration object -> org.hibernate.type.JavaObjectType@3e546734
2023-10-15T15:22:00.837+05:30 DEBUG 9808 --- [           main] org.hibernate.type.BasicTypeRegistry     : Adding type registration java.lang.Object -> org.hibernate.type.JavaObjectType@3e546734
2023-10-15T15:22:00.843+05:30 DEBUG 9808 --- [           main] org.hibernate.type.BasicTypeRegistry     : Adding type registration null -> org.hibernate.type.NullType@5ae15
2023-10-15T15:22:00.843+05:30 DEBUG 9808 --- [           main] org.hibernate.type.BasicTypeRegistry     : Adding type registration imm_date -> org.hibernate.type.BasicTypeReference@577536e0
2023-10-15T15:22:00.844+05:30 DEBUG 9808 --- [           main] org.hibernate.type.BasicTypeRegistry     : Adding type registration imm_time -> org.hibernate.type.BasicTypeReference@12219f6a
2023-10-15T15:22:00.844+05:30 DEBUG 9808 --- [           main] org.hibernate.type.BasicTypeRegistry     : Adding type registration imm_timestamp -> org.hibernate.type.BasicTypeReference@52d3fafd
2023-10-15T15:22:00.844+05:30 DEBUG 9808 --- [           main] org.hibernate.type.BasicTypeRegistry     : Adding type registration imm_calendar -> org.hibernate.type.BasicTypeReference@7f0b93b4
2023-10-15T15:22:00.844+05:30 DEBUG 9808 --- [           main] org.hibernate.type.BasicTypeRegistry     : Adding type registration imm_calendar_date -> org.hibernate.type.BasicTypeReference@1376883
2023-10-15T15:22:00.844+05:30 DEBUG 9808 --- [           main] org.hibernate.type.BasicTypeRegistry     : Adding type registration imm_calendar_time -> org.hibernate.type.BasicTypeReference@1f736d00
2023-10-15T15:22:00.844+05:30 DEBUG 9808 --- [           main] org.hibernate.type.BasicTypeRegistry     : Adding type registration imm_binary -> org.hibernate.type.BasicTypeReference@523a7801
2023-10-15T15:22:00.844+05:30 DEBUG 9808 --- [           main] org.hibernate.type.BasicTypeRegistry     : Adding type registration imm_serializable -> org.hibernate.type.BasicTypeReference@718fd7c1
2023-10-15T15:22:00.858+05:30 DEBUG 9808 --- [           main] o.h.boot.internal.BootstrapContextImpl   : Injecting JPA temp ClassLoader [org.springframework.instrument.classloading.SimpleThrowawayClassLoader@35adf623] into BootstrapContext; was [null]
2023-10-15T15:22:00.858+05:30 DEBUG 9808 --- [           main] o.h.boot.internal.ClassLoaderAccessImpl  : ClassLoaderAccessImpl#injectTempClassLoader(org.springframework.instrument.classloading.SimpleThrowawayClassLoader@35adf623) [was null]
2023-10-15T15:22:00.860+05:30 DEBUG 9808 --- [           main] o.h.boot.internal.BootstrapContextImpl   : Injecting ScanEnvironment [org.hibernate.jpa.boot.internal.StandardJpaScanEnvironmentImpl@6c8fe7a4] into BootstrapContext; was [null]
2023-10-15T15:22:00.860+05:30 DEBUG 9808 --- [           main] o.h.boot.internal.BootstrapContextImpl   : Injecting ScanOptions [org.hibernate.boot.archive.scan.internal.StandardScanOptions@2047981] into BootstrapContext; was [org.hibernate.boot.archive.scan.internal.StandardScanOptions@2ad99cf3]
2023-10-15T15:22:00.902+05:30  INFO 9808 --- [           main] o.h.b.i.BytecodeProviderInitiator        : HHH000021: Bytecode provider name : bytebuddy
2023-10-15T15:22:01.352+05:30  INFO 9808 --- [           main] o.s.o.j.p.SpringPersistenceUnitInfo      : No LoadTimeWeaver setup: ignoring JPA class transformer
2023-10-15T15:22:01.353+05:30 DEBUG 9808 --- [           main] o.h.boot.internal.BootstrapContextImpl   : Injecting JPA temp ClassLoader [null] into BootstrapContext; was [org.springframework.instrument.classloading.SimpleThrowawayClassLoader@35adf623]
2023-10-15T15:22:01.353+05:30 DEBUG 9808 --- [           main] o.h.boot.internal.ClassLoaderAccessImpl  : ClassLoaderAccessImpl#injectTempClassLoader(null) [was org.springframework.instrument.classloading.SimpleThrowawayClassLoader@35adf623]
2023-10-15T15:22:01.411+05:30 DEBUG 9808 --- [           main] com.zaxxer.hikari.HikariConfig           : HikariPool-1 - configuration:
2023-10-15T15:22:01.419+05:30 DEBUG 9808 --- [           main] com.zaxxer.hikari.HikariConfig           : allowPoolSuspension.............false
2023-10-15T15:22:01.420+05:30 DEBUG 9808 --- [           main] com.zaxxer.hikari.HikariConfig           : autoCommit......................true
2023-10-15T15:22:01.420+05:30 DEBUG 9808 --- [           main] com.zaxxer.hikari.HikariConfig           : catalog.........................none
2023-10-15T15:22:01.421+05:30 DEBUG 9808 --- [           main] com.zaxxer.hikari.HikariConfig           : connectionInitSql...............none
2023-10-15T15:22:01.421+05:30 DEBUG 9808 --- [           main] com.zaxxer.hikari.HikariConfig           : connectionTestQuery.............none
2023-10-15T15:22:01.424+05:30 DEBUG 9808 --- [           main] com.zaxxer.hikari.HikariConfig           : connectionTimeout...............30000
2023-10-15T15:22:01.425+05:30 DEBUG 9808 --- [           main] com.zaxxer.hikari.HikariConfig           : dataSource......................none
2023-10-15T15:22:01.425+05:30 DEBUG 9808 --- [           main] com.zaxxer.hikari.HikariConfig           : dataSourceClassName.............none
2023-10-15T15:22:01.425+05:30 DEBUG 9808 --- [           main] com.zaxxer.hikari.HikariConfig           : dataSourceJNDI..................none
2023-10-15T15:22:01.426+05:30 DEBUG 9808 --- [           main] com.zaxxer.hikari.HikariConfig           : dataSourceProperties............{password=<masked>}
2023-10-15T15:22:01.427+05:30 DEBUG 9808 --- [           main] com.zaxxer.hikari.HikariConfig           : driverClassName................."com.mysql.cj.jdbc.Driver"
2023-10-15T15:22:01.428+05:30 DEBUG 9808 --- [           main] com.zaxxer.hikari.HikariConfig           : exceptionOverrideClassName......none
2023-10-15T15:22:01.428+05:30 DEBUG 9808 --- [           main] com.zaxxer.hikari.HikariConfig           : healthCheckProperties...........{}
2023-10-15T15:22:01.428+05:30 DEBUG 9808 --- [           main] com.zaxxer.hikari.HikariConfig           : healthCheckRegistry.............none
2023-10-15T15:22:01.428+05:30 DEBUG 9808 --- [           main] com.zaxxer.hikari.HikariConfig           : idleTimeout.....................600000
2023-10-15T15:22:01.429+05:30 DEBUG 9808 --- [           main] com.zaxxer.hikari.HikariConfig           : initializationFailTimeout.......1
2023-10-15T15:22:01.429+05:30 DEBUG 9808 --- [           main] com.zaxxer.hikari.HikariConfig           : isolateInternalQueries..........false
2023-10-15T15:22:01.429+05:30 DEBUG 9808 --- [           main] com.zaxxer.hikari.HikariConfig           : jdbcUrl.........................jdbc:mysql://localhost:3306/product_info
2023-10-15T15:22:01.430+05:30 DEBUG 9808 --- [           main] com.zaxxer.hikari.HikariConfig           : keepaliveTime...................0
2023-10-15T15:22:01.430+05:30 DEBUG 9808 --- [           main] com.zaxxer.hikari.HikariConfig           : leakDetectionThreshold..........0
2023-10-15T15:22:01.430+05:30 DEBUG 9808 --- [           main] com.zaxxer.hikari.HikariConfig           : maxLifetime.....................1800000
2023-10-15T15:22:01.430+05:30 DEBUG 9808 --- [           main] com.zaxxer.hikari.HikariConfig           : maximumPoolSize.................10
2023-10-15T15:22:01.430+05:30 DEBUG 9808 --- [           main] com.zaxxer.hikari.HikariConfig           : metricRegistry..................none
2023-10-15T15:22:01.430+05:30 DEBUG 9808 --- [           main] com.zaxxer.hikari.HikariConfig           : metricsTrackerFactory...........none
2023-10-15T15:22:01.431+05:30 DEBUG 9808 --- [           main] com.zaxxer.hikari.HikariConfig           : minimumIdle.....................10
2023-10-15T15:22:01.431+05:30 DEBUG 9808 --- [           main] com.zaxxer.hikari.HikariConfig           : password........................<masked>
2023-10-15T15:22:01.431+05:30 DEBUG 9808 --- [           main] com.zaxxer.hikari.HikariConfig           : poolName........................"HikariPool-1"
2023-10-15T15:22:01.431+05:30 DEBUG 9808 --- [           main] com.zaxxer.hikari.HikariConfig           : readOnly........................false
2023-10-15T15:22:01.432+05:30 DEBUG 9808 --- [           main] com.zaxxer.hikari.HikariConfig           : registerMbeans..................false
2023-10-15T15:22:01.432+05:30 DEBUG 9808 --- [           main] com.zaxxer.hikari.HikariConfig           : scheduledExecutor...............none
2023-10-15T15:22:01.432+05:30 DEBUG 9808 --- [           main] com.zaxxer.hikari.HikariConfig           : schema..........................none
2023-10-15T15:22:01.432+05:30 DEBUG 9808 --- [           main] com.zaxxer.hikari.HikariConfig           : threadFactory...................internal
2023-10-15T15:22:01.432+05:30 DEBUG 9808 --- [           main] com.zaxxer.hikari.HikariConfig           : transactionIsolation............default
2023-10-15T15:22:01.433+05:30 DEBUG 9808 --- [           main] com.zaxxer.hikari.HikariConfig           : username........................"springstudent"
2023-10-15T15:22:01.433+05:30 DEBUG 9808 --- [           main] com.zaxxer.hikari.HikariConfig           : validationTimeout...............5000
2023-10-15T15:22:01.433+05:30  INFO 9808 --- [           main] com.zaxxer.hikari.HikariDataSource       : HikariPool-1 - Starting...
2023-10-15T15:22:01.510+05:30 DEBUG 9808 --- [           main] jdk.event.security                       : X509Certificate: Alg:SHA384withRSA, Serial:59b1b579e8e2132e23907bda777755c, Subject:CN=DigiCert Trusted Root G4, OU=www.digicert.com, O=DigiCert Inc, C=US, Issuer:CN=DigiCert Trusted Root G4, OU=www.digicert.com, O=DigiCert Inc, C=US, Key type:RSA, Length:4096, Cert Id:1057369358, Valid from:01/08/13, 5:30 pm, Valid until:15/01/38, 5:30 pm
2023-10-15T15:22:01.517+05:30 DEBUG 9808 --- [           main] jdk.event.security                       : X509Certificate: Alg:SHA384withRSA, Serial:8ad40b260d29c4c9f5ecda9bd93aed9, Subject:CN=DigiCert Trusted G4 Code Signing RSA4096 SHA384 2021 CA1, O="DigiCert, Inc.", C=US, Issuer:CN=DigiCert Trusted Root G4, OU=www.digicert.com, O=DigiCert Inc, C=US, Key type:RSA, Length:4096, Cert Id:-888920455, Valid from:29/04/21, 5:30 am, Valid until:29/04/36, 5:29 am
2023-10-15T15:22:01.520+05:30 DEBUG 9808 --- [           main] jdk.event.security                       : X509Certificate: Alg:SHA256withRSA, Serial:c26e750be1b79211a147046343311c3, Subject:CN=Microsoft Corporation, OU=Java Signing (SHA2), O=Microsoft Corporation, L=Redmond, ST=Washington, C=US, Issuer:CN=DigiCert Trusted G4 Code Signing RSA4096 SHA384 2021 CA1, O="DigiCert, Inc.", C=US, Key type:RSA, Length:4096, Cert Id:536829827, Valid from:03/08/21, 5:30 am, Valid until:31/10/24, 5:29 am
2023-10-15T15:22:01.539+05:30 DEBUG 9808 --- [           main] jdk.event.security                       : X509Certificate: Alg:SHA256withRSA, Serial:7b05b1d449685144f7c989d29c199d12, Subject:CN=Symantec SHA256 TimeStamping CA, OU=Symantec Trust Network, O=Symantec Corporation, C=US, Issuer:CN=VeriSign Universal Root Certification Authority, OU="(c) 2008 VeriSign, Inc. - For authorized use only", OU=VeriSign Trust Network, O="VeriSign, Inc.", C=US, Key type:RSA, Length:2048, Cert Id:679469769, Valid from:12/01/16, 5:30 am, Valid until:12/01/31, 5:29 am
2023-10-15T15:22:01.541+05:30 DEBUG 9808 --- [           main] jdk.event.security                       : X509Certificate: Alg:SHA256withRSA, Serial:7bd4e5afbacc073fa101230422414d12, Subject:CN=Symantec SHA256 TimeStamping Signer - G3, OU=Symantec Trust Network, O=Symantec Corporation, C=US, Issuer:CN=Symantec SHA256 TimeStamping CA, OU=Symantec Trust Network, O=Symantec Corporation, C=US, Key type:RSA, Length:2048, Cert Id:-1917605033, Valid from:23/12/17, 5:30 am, Valid until:23/03/29, 5:29 am
2023-10-15T15:22:02.282+05:30 DEBUG 9808 --- [           main] jdk.event.security                       : X509Certificate: Alg:SHA256withRSA, Serial:570a119742c4e3cc, Subject:CN=Actalis Authentication Root CA, O=Actalis S.p.A./03358520967, L=Milan, C=IT, Issuer:CN=Actalis Authentication Root CA, O=Actalis S.p.A./03358520967, L=Milan, C=IT, Key type:RSA, Length:4096, Cert Id:1729119956, Valid from:22/09/11, 4:52 pm, Valid until:22/09/30, 4:52 pm
2023-10-15T15:22:02.287+05:30 DEBUG 9808 --- [           main] jdk.event.security                       : X509Certificate: Alg:SHA1withRSA, Serial:1, Subject:CN=AddTrust External CA Root, OU=AddTrust External TTP Network, O=AddTrust AB, C=SE, Issuer:CN=AddTrust External CA Root, OU=AddTrust External TTP Network, O=AddTrust AB, C=SE, Key type:RSA, Length:2048, Cert Id:-326352672, Valid from:30/05/00, 4:18 pm, Valid until:30/05/20, 4:18 pm
2023-10-15T15:22:02.290+05:30 DEBUG 9808 --- [           main] jdk.event.security                       : X509Certificate: Alg:SHA1withRSA, Serial:1, Subject:CN=AddTrust Qualified CA Root, OU=AddTrust TTP Network, O=AddTrust AB, C=SE, Issuer:CN=AddTrust Qualified CA Root, OU=AddTrust TTP Network, O=AddTrust AB, C=SE, Key type:RSA, Length:2048, Cert Id:607365522, Valid from:30/05/00, 4:14 pm, Valid until:30/05/20, 4:14 pm
2023-10-15T15:22:02.292+05:30 DEBUG 9808 --- [           main] jdk.event.security                       : X509Certificate: Alg:SHA256withRSA, Serial:7777062726a9b17c, Subject:CN=AffirmTrust Commercial, O=AffirmTrust, C=US, Issuer:CN=AffirmTrust Commercial, O=AffirmTrust, C=US, Key type:RSA, Length:2048, Cert Id:630485644, Valid from:29/01/10, 7:36 pm, Valid until:31/12/30, 7:36 pm
2023-10-15T15:22:02.294+05:30 DEBUG 9808 --- [           main] jdk.event.security                       : X509Certificate: Alg:SHA1withRSA, Serial:7c4f04391cd4992d, Subject:CN=AffirmTrust Networking, O=AffirmTrust, C=US, Issuer:CN=AffirmTrust Networking, O=AffirmTrust, C=US, Key type:RSA, Length:2048, Cert Id:651670175, Valid from:29/01/10, 7:38 pm, Valid until:31/12/30, 7:38 pm
2023-10-15T15:22:02.296+05:30 DEBUG 9808 --- [           main] jdk.event.security                       : X509Certificate: Alg:SHA384withRSA, Serial:6d8c1446b1a60aee, Subject:CN=AffirmTrust Premium, O=AffirmTrust, C=US, Issuer:CN=AffirmTrust Premium, O=AffirmTrust, C=US, Key type:RSA, Length:4096, Cert Id:-2130283955, Valid from:29/01/10, 7:40 pm, Valid until:31/12/40, 7:40 pm
2023-10-15T15:22:02.312+05:30 DEBUG 9808 --- [           main] jdk.event.security                       : X509Certificate: Alg:SHA384withECDSA, Serial:7497258ac73f7a54, Subject:CN=AffirmTrust Premium ECC, O=AffirmTrust, C=US, Issuer:CN=AffirmTrust Premium ECC, O=AffirmTrust, C=US, Key type:EC, Length:384, Cert Id:-2080363786, Valid from:29/01/10, 7:50 pm, Valid until:31/12/40, 7:50 pm
2023-10-15T15:22:02.316+05:30 DEBUG 9808 --- [           main] jdk.event.security                       : X509Certificate: Alg:SHA256withRSA, Serial:66c9fcf99bf8c0a39e2f0788a43e696365bca, Subject:CN=Amazon Root CA 1, O=Amazon, C=US, Issuer:CN=Amazon Root CA 1, O=Amazon, C=US, Key type:RSA, Length:2048, Cert Id:-1472444962, Valid from:26/05/15, 5:30 am, Valid until:17/01/38, 5:30 am
2023-10-15T15:22:02.322+05:30 DEBUG 9808 --- [           main] jdk.event.security                       : X509Certificate: Alg:SHA384withRSA, Serial:66c9fd29635869f0a0fe58678f85b26bb8a37, Subject:CN=Amazon Root CA 2, O=Amazon, C=US, Issuer:CN=Amazon Root CA 2, O=Amazon, C=US, Key type:RSA, Length:4096, Cert Id:-1766132388, Valid from:26/05/15, 5:30 am, Valid until:26/05/40, 5:30 am
2023-10-15T15:22:02.326+05:30 DEBUG 9808 --- [           main] jdk.event.security                       : X509Certificate: Alg:SHA256withECDSA, Serial:66c9fd5749736663f3b0b9ad9e89e7603f24a, Subject:CN=Amazon Root CA 3, O=Amazon, C=US, Issuer:CN=Amazon Root CA 3, O=Amazon, C=US, Key type:EC, Length:256, Cert Id:-1562287523, Valid from:26/05/15, 5:30 am, Valid until:26/05/40, 5:30 am
2023-10-15T15:22:02.329+05:30 DEBUG 9808 --- [           main] jdk.event.security                       : X509Certificate: Alg:SHA384withECDSA, Serial:66c9fd7c1bb104c2943e5717b7b2cc81ac10e, Subject:CN=Amazon Root CA 4, O=Amazon, C=US, Issuer:CN=Amazon Root CA 4, O=Amazon, C=US, Key type:EC, Length:384, Cert Id:-1654272513, Valid from:26/05/15, 5:30 am, Valid until:26/05/40, 5:30 am
2023-10-15T15:22:02.332+05:30 DEBUG 9808 --- [           main] jdk.event.security                       : X509Certificate: Alg:SHA1withRSA, Serial:20000b9, Subject:CN=Baltimore CyberTrust Root, OU=CyberTrust, O=Baltimore, C=IE, Issuer:CN=Baltimore CyberTrust Root, OU=CyberTrust, O=Baltimore, C=IE, Key type:RSA, Length:2048, Cert Id:1425294543, Valid from:13/05/00, 12:16 am, Valid until:13/05/25, 5:29 am
2023-10-15T15:22:02.335+05:30 DEBUG 9808 --- [           main] jdk.event.security                       : X509Certificate: Alg:SHA256withRSA, Serial:2, Subject:CN=Buypass Class 2 Root CA, O=Buypass AS-983163327, C=NO, Issuer:CN=Buypass Class 2 Root CA, O=Buypass AS-983163327, C=NO, Key type:RSA, Length:4096, Cert Id:969960563, Valid from:26/10/10, 2:08 pm, Valid until:26/10/40, 2:08 pm
2023-10-15T15:22:02.338+05:30 DEBUG 9808 --- [           main] jdk.event.security                       : X509Certificate: Alg:SHA256withRSA, Serial:2, Subject:CN=Buypass Class 3 Root CA, O=Buypass AS-983163327, C=NO, Issuer:CN=Buypass Class 3 Root CA, O=Buypass AS-983163327, C=NO, Key type:RSA, Length:4096, Cert Id:1264269967, Valid from:26/10/10, 1:58 pm, Valid until:26/10/40, 1:58 pm
2023-10-15T15:22:02.340+05:30 DEBUG 9808 --- [           main] jdk.event.security                       : X509Certificate: Alg:SHA1withRSA, Serial:a3da427ea4b1aeda, Subject:CN=Chambers of Commerce Root - 2008, O=AC Camerfirma S.A., SERIALNUMBER=A82743287, L=Madrid (see current address at www.camerfirma.com/address), C=EU, Issuer:CN=Chambers of Commerce Root - 2008, O=AC Camerfirma S.A., SERIALNUMBER=A82743287, L=Madrid (see current address at www.camerfirma.com/address), C=EU, Key type:RSA, Length:4096, Cert Id:-28263924, Valid from:01/08/08, 5:59 pm, Valid until:31/07/38, 5:59 pm
2023-10-15T15:22:02.345+05:30 DEBUG 9808 --- [           main] jdk.event.security                       : X509Certificate: Alg:SHA1withRSA, Serial:0, Subject:CN=Chambers of Commerce Root, OU=http://www.chambersign.org, O=AC Camerfirma SA CIF A82743287, C=EU, Issuer:CN=Chambers of Commerce Root, OU=http://www.chambersign.org, O=AC Camerfirma SA CIF A82743287, C=EU, Key type:RSA, Length:2048, Cert Id:1827306452, Valid from:30/09/03, 9:43 pm, Valid until:30/09/37, 9:43 pm
2023-10-15T15:22:02.347+05:30 DEBUG 9808 --- [           main] jdk.event.security                       : X509Certificate: Alg:SHA1withRSA, Serial:c9cdd3e9d57d23ce, Subject:CN=Global Chambersign Root - 2008, O=AC Camerfirma S.A., SERIALNUMBER=A82743287, L=Madrid (see current address at www.camerfirma.com/address), C=EU, Issuer:CN=Global Chambersign Root - 2008, O=AC Camerfirma S.A., SERIALNUMBER=A82743287, L=Madrid (see current address at www.camerfirma.com/address), C=EU, Key type:RSA, Length:4096, Cert Id:1271252776, Valid from:01/08/08, 6:01 pm, Valid until:31/07/38, 6:01 pm
2023-10-15T15:22:02.349+05:30 DEBUG 9808 --- [           main] jdk.event.security                       : X509Certificate: Alg:SHA1withRSA, Serial:10020, Subject:CN=Certum CA, O=Unizeto Sp. z o.o., C=PL, Issuer:CN=Certum CA, O=Unizeto Sp. z o.o., C=PL, Key type:RSA, Length:2048, Cert Id:-744451266, Valid from:11/06/02, 4:16 pm, Valid until:11/06/27, 4:16 pm
2023-10-15T15:22:02.350+05:30 DEBUG 9808 --- [           main] jdk.event.security                       : X509Certificate: Alg:SHA1withRSA, Serial:444c0, Subject:CN=Certum Trusted Network CA, OU=Certum Certification Authority, O=Unizeto Technologies S.A., C=PL, Issuer:CN=Certum Trusted Network CA, OU=Certum Certification Authority, O=Unizeto Technologies S.A., C=PL, Key type:RSA, Length:2048, Cert Id:2014002193, Valid from:22/10/08, 5:37 pm, Valid until:31/12/29, 5:37 pm
2023-10-15T15:22:02.352+05:30 DEBUG 9808 --- [           main] jdk.event.security                       : X509Certificate: Alg:SHA1withRSA, Serial:15c8bd65475cafb897005ee406d2bc9d, Subject:OU=ePKI Root Certification Authority, O="Chunghwa Telecom Co., Ltd.", C=TW, Issuer:OU=ePKI Root Certification Authority, O="Chunghwa Telecom Co., Ltd.", C=TW, Key type:RSA, Length:4096, Cert Id:-662636137, Valid from:20/12/04, 8:01 am, Valid until:20/12/34, 8:01 am
2023-10-15T15:22:02.354+05:30 DEBUG 9808 --- [           main] jdk.event.security                       : X509Certificate: Alg:SHA1withRSA, Serial:1, Subject:CN=AAA Certificate Services, O=Comodo CA Limited, L=Salford, ST=Greater Manchester, C=GB, Issuer:CN=AAA Certificate Services, O=Comodo CA Limited, L=Salford, ST=Greater Manchester, C=GB, Key type:RSA, Length:2048, Cert Id:-1197580894, Valid from:01/01/04, 5:30 am, Valid until:01/01/29, 5:29 am
2023-10-15T15:22:02.356+05:30 DEBUG 9808 --- [           main] jdk.event.security                       : X509Certificate: Alg:SHA384withECDSA, Serial:1f47afaa62007050544c019e9b63992a, Subject:CN=COMODO ECC Certification Authority, O=COMODO CA Limited, L=Salford, ST=Greater Manchester, C=GB, Issuer:CN=COMODO ECC Certification Authority, O=COMODO CA Limited, L=Salford, ST=Greater Manchester, C=GB, Key type:EC, Length:384, Cert Id:1146488932, Valid from:06/03/08, 5:30 am, Valid until:19/01/38, 5:29 am
2023-10-15T15:22:02.358+05:30 DEBUG 9808 --- [           main] jdk.event.security                       : X509Certificate: Alg:SHA384withRSA, Serial:4caaf9cadb636fe01ff74ed85b03869d, Subject:CN=COMODO RSA Certification Authority, O=COMODO CA Limited, L=Salford, ST=Greater Manchester, C=GB, Issuer:CN=COMODO RSA Certification Authority, O=COMODO CA Limited, L=Salford, ST=Greater Manchester, C=GB, Key type:RSA, Length:4096, Cert Id:1769425049, Valid from:19/01/10, 5:30 am, Valid until:19/01/38, 5:29 am
2023-10-15T15:22:02.359+05:30 DEBUG 9808 --- [           main] jdk.event.security                       : X509Certificate: Alg:SHA256withRSA, Serial:b931c3ad63967ea6723bfc3af9af44b, Subject:CN=DigiCert Assured ID Root G2, OU=www.digicert.com, O=DigiCert Inc, C=US, Issuer:CN=DigiCert Assured ID Root G2, OU=www.digicert.com, O=DigiCert Inc, C=US, Key type:RSA, Length:2048, Cert Id:-385398383, Valid from:01/08/13, 5:30 pm, Valid until:15/01/38, 5:30 pm
2023-10-15T15:22:02.361+05:30 DEBUG 9808 --- [           main] jdk.event.security                       : X509Certificate: Alg:SHA384withECDSA, Serial:ba15afa1ddfa0b54944afcd24a06cec, Subject:CN=DigiCert Assured ID Root G3, OU=www.digicert.com, O=DigiCert Inc, C=US, Issuer:CN=DigiCert Assured ID Root G3, OU=www.digicert.com, O=DigiCert Inc, C=US, Key type:EC, Length:384, Cert Id:-645537245, Valid from:01/08/13, 5:30 pm, Valid until:15/01/38, 5:30 pm
2023-10-15T15:22:02.363+05:30 DEBUG 9808 --- [           main] jdk.event.security                       : X509Certificate: Alg:SHA1withRSA, Serial:ce7e0e517d846fe8fe560fc1bf03039, Subject:CN=DigiCert Assured ID Root CA, OU=www.digicert.com, O=DigiCert Inc, C=US, Issuer:CN=DigiCert Assured ID Root CA, OU=www.digicert.com, O=DigiCert Inc, C=US, Key type:RSA, Length:2048, Cert Id:-860404528, Valid from:10/11/06, 5:30 am, Valid until:10/11/31, 5:30 am
2023-10-15T15:22:02.365+05:30 DEBUG 9808 --- [           main] jdk.event.security                       : X509Certificate: Alg:SHA1withRSA, Serial:83be056904246b1a1756ac95991c74a, Subject:CN=DigiCert Global Root CA, OU=www.digicert.com, O=DigiCert Inc, C=US, Issuer:CN=DigiCert Global Root CA, OU=www.digicert.com, O=DigiCert Inc, C=US, Key type:RSA, Length:2048, Cert Id:1341898239, Valid from:10/11/06, 5:30 am, Valid until:10/11/31, 5:30 am
2023-10-15T15:22:02.367+05:30 DEBUG 9808 --- [           main] jdk.event.security                       : X509Certificate: Alg:SHA256withRSA, Serial:33af1e6a711a9a0bb2864b11d09fae5, Subject:CN=DigiCert Global Root G2, OU=www.digicert.com, O=DigiCert Inc, C=US, Issuer:CN=DigiCert Global Root G2, OU=www.digicert.com, O=DigiCert Inc, C=US, Key type:RSA, Length:2048, Cert Id:1136084297, Valid from:01/08/13, 5:30 pm, Valid until:15/01/38, 5:30 pm
2023-10-15T15:22:02.368+05:30 DEBUG 9808 --- [           main] jdk.event.security                       : X509Certificate: Alg:SHA384withECDSA, Serial:55556bcf25ea43535c3a40fd5ab4572, Subject:CN=DigiCert Global Root G3, OU=www.digicert.com, O=DigiCert Inc, C=US, Issuer:CN=DigiCert Global Root G3, OU=www.digicert.com, O=DigiCert Inc, C=US, Key type:EC, Length:384, Cert Id:-795968543, Valid from:01/08/13, 5:30 pm, Valid until:15/01/38, 5:30 pm
2023-10-15T15:22:02.370+05:30 DEBUG 9808 --- [           main] jdk.event.security                       : X509Certificate: Alg:SHA1withRSA, Serial:2ac5c266a0b409b8f0b79f2ae462577, Subject:CN=DigiCert High Assurance EV Root CA, OU=www.digicert.com, O=DigiCert Inc, C=US, Issuer:CN=DigiCert High Assurance EV Root CA, OU=www.digicert.com, O=DigiCert Inc, C=US, Key type:RSA, Length:2048, Cert Id:-1410680354, Valid from:10/11/06, 5:30 am, Valid until:10/11/31, 5:30 am
2023-10-15T15:22:02.372+05:30 DEBUG 9808 --- [           main] jdk.event.security                       : X509Certificate: Alg:SHA256withRSA, Serial:983f3, Subject:CN=D-TRUST Root Class 3 CA 2 2009, O=D-Trust GmbH, C=DE, Issuer:CN=D-TRUST Root Class 3 CA 2 2009, O=D-Trust GmbH, C=DE, Key type:RSA, Length:2048, Cert Id:1430153102, Valid from:05/11/09, 2:05 pm, Valid until:05/11/29, 2:05 pm
2023-10-15T15:22:02.375+05:30 DEBUG 9808 --- [           main] jdk.event.security                       : X509Certificate: Alg:SHA256withRSA, Serial:983f4, Subject:CN=D-TRUST Root Class 3 CA 2 EV 2009, O=D-Trust GmbH, C=DE, Issuer:CN=D-TRUST Root Class 3 CA 2 EV 2009, O=D-Trust GmbH, C=DE, Key type:RSA, Length:2048, Cert Id:971313728, Valid from:05/11/09, 2:20 pm, Valid until:05/11/29, 2:20 pm
2023-10-15T15:22:02.377+05:30 DEBUG 9808 --- [           main] jdk.event.security                       : X509Certificate: Alg:SHA1withRSA, Serial:3863def8, Subject:CN=Entrust.net Certification Authority (2048), OU=(c) 1999 Entrust.net Limited, OU=www.entrust.net/CPS_2048 incorp. by ref. (limits liab.), O=Entrust.net, Issuer:CN=Entrust.net Certification Authority (2048), OU=(c) 1999 Entrust.net Limited, OU=www.entrust.net/CPS_2048 incorp. by ref. (limits liab.), O=Entrust.net, Key type:RSA, Length:2048, Cert Id:-328536082, Valid from:24/12/99, 11:20 pm, Valid until:24/07/29, 7:45 pm
2023-10-15T15:22:02.380+05:30 DEBUG 9808 --- [           main] jdk.event.security                       : X509Certificate: Alg:SHA1withRSA, Serial:456b5054, Subject:CN=Entrust Root Certification Authority, OU="(c) 2006 Entrust, Inc.", OU=www.entrust.net/CPS is incorporated by reference, O="Entrust, Inc.", C=US, Issuer:CN=Entrust Root Certification Authority, OU="(c) 2006 Entrust, Inc.", OU=www.entrust.net/CPS is incorporated by reference, O="Entrust, Inc.", C=US, Key type:RSA, Length:2048, Cert Id:-1261404096, Valid from:28/11/06, 1:53 am, Valid until:28/11/26, 2:23 am
2023-10-15T15:22:02.382+05:30 DEBUG 9808 --- [           main] jdk.event.security                       : X509Certificate: Alg:SHA384withECDSA, Serial:a68b79290000000050d091f9, Subject:CN=Entrust Root Certification Authority - EC1, OU="(c) 2012 Entrust, Inc. - for authorized use only", OU=See www.entrust.net/legal-terms, O="Entrust, Inc.", C=US, Issuer:CN=Entrust Root Certification Authority - EC1, OU="(c) 2012 Entrust, Inc. - for authorized use only", OU=See www.entrust.net/legal-terms, O="Entrust, Inc.", C=US, Key type:EC, Length:384, Cert Id:924514073, Valid from:18/12/12, 8:55 pm, Valid until:18/12/37, 9:25 pm
2023-10-15T15:22:02.384+05:30 DEBUG 9808 --- [           main] jdk.event.security                       : X509Certificate: Alg:SHA256withRSA, Serial:4a538c28, Subject:CN=Entrust Root Certification Authority - G2, OU="(c) 2009 Entrust, Inc. - for authorized use only", OU=See www.entrust.net/legal-terms, O="Entrust, Inc.", C=US, Issuer:CN=Entrust Root Certification Authority - G2, OU="(c) 2009 Entrust, Inc. - for authorized use only", OU=See www.entrust.net/legal-terms, O="Entrust, Inc.", C=US, Key type:RSA, Length:2048, Cert Id:1936920337, Valid from:07/07/09, 10:55 pm, Valid until:07/12/30, 11:25 pm
2023-10-15T15:22:02.386+05:30 DEBUG 9808 --- [           main] jdk.event.security                       : X509Certificate: Alg:SHA256withRSA, Serial:d9b5437fafa9390f000000005565ad58, Subject:CN=Entrust Root Certification Authority - G4, OU="(c) 2015 Entrust, Inc. - for authorized use only", OU=See www.entrust.net/legal-terms, O="Entrust, Inc.", C=US, Issuer:CN=Entrust Root Certification Authority - G4, OU="(c) 2015 Entrust, Inc. - for authorized use only", OU=See www.entrust.net/legal-terms, O="Entrust, Inc.", C=US, Key type:RSA, Length:4096, Cert Id:1368037548, Valid from:27/05/15, 4:41 pm, Valid until:27/12/37, 5:11 pm
2023-10-15T15:22:02.388+05:30 DEBUG 9808 --- [           main] jdk.event.security                       : X509Certificate: Alg:SHA1withRSA, Serial:23456, Subject:CN=GeoTrust Global CA, O=GeoTrust Inc., C=US, Issuer:CN=GeoTrust Global CA, O=GeoTrust Inc., C=US, Key type:RSA, Length:2048, Cert Id:-2028617374, Valid from:21/05/02, 9:30 am, Valid until:21/05/22, 9:30 am
2023-10-15T15:22:02.390+05:30 DEBUG 9808 --- [           main] jdk.event.security                       : X509Certificate: Alg:SHA1withRSA, Serial:18acb56afd69b6153a636cafdafac4a1, Subject:CN=GeoTrust Primary Certification Authority, O=GeoTrust Inc., C=US, Issuer:CN=GeoTrust Primary Certification Authority, O=GeoTrust Inc., C=US, Key type:RSA, Length:2048, Cert Id:-965345157, Valid from:27/11/06, 5:30 am, Valid until:17/07/36, 5:29 am
2023-10-15T15:22:02.394+05:30 DEBUG 9808 --- [           main] jdk.event.security                       : X509Certificate: Alg:SHA384withECDSA, Serial:3cb2f4480a00e2feeb243b5e603ec36b, Subject:CN=GeoTrust Primary Certification Authority - G2, OU=(c) 2007 GeoTrust Inc. - For authorized use only, O=GeoTrust Inc., C=US, Issuer:CN=GeoTrust Primary Certification Authority - G2, OU=(c) 2007 GeoTrust Inc. - For authorized use only, O=GeoTrust Inc., C=US, Key type:EC, Length:384, Cert Id:-1114303822, Valid from:05/11/07, 5:30 am, Valid until:19/01/38, 5:29 am
2023-10-15T15:22:02.397+05:30 DEBUG 9808 --- [           main] jdk.event.security                       : X509Certificate: Alg:SHA256withRSA, Serial:15ac6e9419b2794b41f627a9c3180f1f, Subject:CN=GeoTrust Primary Certification Authority - G3, OU=(c) 2008 GeoTrust Inc. - For authorized use only, O=GeoTrust Inc., C=US, Issuer:CN=GeoTrust Primary Certification Authority - G3, OU=(c) 2008 GeoTrust Inc. - For authorized use only, O=GeoTrust Inc., C=US, Key type:RSA, Length:2048, Cert Id:-1330153758, Valid from:02/04/08, 5:30 am, Valid until:02/12/37, 5:29 am
2023-10-15T15:22:02.400+05:30 DEBUG 9808 --- [           main] jdk.event.security                       : X509Certificate: Alg:SHA1withRSA, Serial:1, Subject:CN=GeoTrust Universal CA, O=GeoTrust Inc., C=US, Issuer:CN=GeoTrust Universal CA, O=GeoTrust Inc., C=US, Key type:RSA, Length:4096, Cert Id:313566089, Valid from:04/03/04, 10:30 am, Valid until:04/03/29, 10:30 am
2023-10-15T15:22:02.402+05:30 DEBUG 9808 --- [           main] jdk.event.security                       : X509Certificate: Alg:SHA1withRSA, Serial:40000000001154b5ac394, Subject:CN=GlobalSign Root CA, OU=Root CA, O=GlobalSign nv-sa, C=BE, Issuer:CN=GlobalSign Root CA, OU=Root CA, O=GlobalSign nv-sa, C=BE, Key type:RSA, Length:2048, Cert Id:536948034, Valid from:01/09/98, 5:30 pm, Valid until:28/01/28, 5:30 pm
2023-10-15T15:22:02.404+05:30 DEBUG 9808 --- [           main] jdk.event.security                       : X509Certificate: Alg:SHA256withECDSA, Serial:2a38a41c960a04de42b228a50be8349802, Subject:CN=GlobalSign, O=GlobalSign, OU=GlobalSign ECC Root CA - R4, Issuer:CN=GlobalSign, O=GlobalSign, OU=GlobalSign ECC Root CA - R4, Key type:EC, Length:256, Cert Id:-1923273545, Valid from:13/11/12, 5:30 am, Valid until:19/01/38, 8:44 am
2023-10-15T15:22:02.407+05:30 DEBUG 9808 --- [           main] jdk.event.security                       : X509Certificate: Alg:SHA384withECDSA, Serial:605949e0262ebb55f90a778a71f94ad86c, Subject:CN=GlobalSign, O=GlobalSign, OU=GlobalSign ECC Root CA - R5, Issuer:CN=GlobalSign, O=GlobalSign, OU=GlobalSign ECC Root CA - R5, Key type:EC, Length:384, Cert Id:1997048439, Valid from:13/11/12, 5:30 am, Valid until:19/01/38, 8:44 am
[...]
      Did not match:
         - @ConditionalOnClass did not find required class 'org.neo4j.driver.Driver' (OnClassCondition)

   Neo4jReactiveDataAutoConfiguration:
      Did not match:
         - @ConditionalOnClass did not find required class 'org.neo4j.driver.Driver' (OnClassCondition)

   Neo4jReactiveRepositoriesAutoConfiguration:
      Did not match:
         - @ConditionalOnClass did not find required class 'org.neo4j.driver.Driver' (OnClassCondition)

   Neo4jRepositoriesAutoConfiguration:
      Did not match:
         - @ConditionalOnClass did not find required class 'org.neo4j.driver.Driver' (OnClassCondition)

   NettyAutoConfiguration:
      Did not match:
         - @ConditionalOnClass did not find required class 'io.netty.util.NettyRuntime' (OnClassCondition)

   OAuth2AuthorizationServerAutoConfiguration:
      Did not match:
         - @ConditionalOnClass did not find required class 'org.springframework.security.oauth2.server.authorization.OAuth2Authorization' (OnClassCondition)

   OAuth2AuthorizationServerJwtAutoConfiguration:
      Did not match:
         - @ConditionalOnClass did not find required class 'org.springframework.security.oauth2.server.authorization.OAuth2Authorization' (OnClassCondition)

   OAuth2ClientAutoConfiguration:
      Did not match:
         - @ConditionalOnClass did not find required class 'org.springframework.security.config.annotation.web.configuration.EnableWebSecurity' (OnClassCondition)

   OAuth2ResourceServerAutoConfiguration:
      Did not match:
         - @ConditionalOnClass did not find required class 'org.springframework.security.oauth2.server.resource.authentication.BearerTokenAuthenticationToken' (OnClassCondition)

   ProjectInfoAutoConfiguration#buildProperties:
      Did not match:
         - @ConditionalOnResource did not find resource '${spring.info.build.location:classpath:META-INF/build-info.properties}' (OnResourceCondition)

   ProjectInfoAutoConfiguration#gitProperties:
      Did not match:
         - GitResource did not find git info at classpath:git.properties (ProjectInfoAutoConfiguration.GitResourceAvailableCondition)

   QuartzAutoConfiguration:
      Did not match:
         - @ConditionalOnClass did not find required class 'org.quartz.Scheduler' (OnClassCondition)

   R2dbcAutoConfiguration:
      Did not match:
         - @ConditionalOnClass did not find required class 'io.r2dbc.spi.ConnectionFactory' (OnClassCondition)

   R2dbcDataAutoConfiguration:
      Did not match:
         - @ConditionalOnClass did not find required class 'org.springframework.data.r2dbc.core.R2dbcEntityTemplate' (OnClassCondition)

   R2dbcInitializationConfiguration:
      Did not match:
         - @ConditionalOnClass did not find required classes 'io.r2dbc.spi.ConnectionFactory', 'org.springframework.r2dbc.connection.init.DatabasePopulator' (OnClassCondition)

   R2dbcRepositoriesAutoConfiguration:
      Did not match:
         - @ConditionalOnClass did not find required class 'io.r2dbc.spi.ConnectionFactory' (OnClassCondition)

   R2dbcTransactionManagerAutoConfiguration:
      Did not match:
         - @ConditionalOnClass did not find required class 'org.springframework.r2dbc.connection.R2dbcTransactionManager' (OnClassCondition)

   RSocketGraphQlClientAutoConfiguration:
      Did not match:
         - @ConditionalOnClass did not find required class 'graphql.GraphQL' (OnClassCondition)

   RSocketMessagingAutoConfiguration:
      Did not match:
         - @ConditionalOnClass did not find required class 'io.rsocket.RSocket' (OnClassCondition)

   RSocketRequesterAutoConfiguration:
      Did not match:
         - @ConditionalOnClass did not find required class 'io.rsocket.RSocket' (OnClassCondition)

   RSocketSecurityAutoConfiguration:
      Did not match:
         - @ConditionalOnClass did not find required class 'org.springframework.security.rsocket.core.SecuritySocketAcceptorInterceptor' (OnClassCondition)

   RSocketServerAutoConfiguration:
      Did not match:
         - @ConditionalOnClass did not find required class 'io.rsocket.core.RSocketServer' (OnClassCondition)

   RSocketStrategiesAutoConfiguration:
      Did not match:
         - @ConditionalOnClass did not find required class 'io.netty.buffer.PooledByteBufAllocator' (OnClassCondition)

   RabbitAutoConfiguration:
      Did not match:
         - @ConditionalOnClass did not find required class 'com.rabbitmq.client.Channel' (OnClassCondition)

   ReactiveElasticsearchClientAutoConfiguration:
      Did not match:
         - @ConditionalOnClass did not find required class 'co.elastic.clients.transport.ElasticsearchTransport' (OnClassCondition)

   ReactiveElasticsearchRepositoriesAutoConfiguration:
      Did not match:
         - @ConditionalOnClass did not find required class 'org.springframework.data.elasticsearch.client.elc.ReactiveElasticsearchClient' (OnClassCondition)

   ReactiveMultipartAutoConfiguration:
      Did not match:
         - @ConditionalOnClass did not find required class 'org.springframework.web.reactive.config.WebFluxConfigurer' (OnClassCondition)

   ReactiveOAuth2ClientAutoConfiguration:
      Did not match:
         - @ConditionalOnClass did not find required class 'reactor.core.publisher.Flux' (OnClassCondition)

   ReactiveOAuth2ResourceServerAutoConfiguration:
      Did not match:
         - @ConditionalOnClass did not find required class 'org.springframework.security.config.annotation.web.reactive.EnableWebFluxSecurity' (OnClassCondition)

   ReactiveSecurityAutoConfiguration:
      Did not match:
         - @ConditionalOnClass did not find required class 'reactor.core.publisher.Flux' (OnClassCondition)

   ReactiveUserDetailsServiceAutoConfiguration:
      Did not match:
         - @ConditionalOnClass did not find required class 'org.springframework.security.authentication.ReactiveAuthenticationManager' (OnClassCondition)

   ReactiveWebServerFactoryAutoConfiguration:
      Did not match:
         - @ConditionalOnWebApplication did not find reactive web application classes (OnWebApplicationCondition)

   RedisAutoConfiguration:
      Did not match:
         - @ConditionalOnClass did not find required class 'org.springframework.data.redis.core.RedisOperations' (OnClassCondition)

   RedisCacheConfiguration:
      Did not match:
         - @ConditionalOnClass did not find required class 'org.springframework.data.redis.connection.RedisConnectionFactory' (OnClassCondition)

   RedisReactiveAutoConfiguration:
      Did not match:
         - @ConditionalOnClass did not find required class 'reactor.core.publisher.Flux' (OnClassCondition)

   RedisRepositoriesAutoConfiguration:
      Did not match:
         - @ConditionalOnClass did not find required class 'org.springframework.data.redis.repository.configuration.EnableRedisRepositories' (OnClassCondition)

   RepositoryRestMvcAutoConfiguration:
      Did not match:
         - @ConditionalOnClass did not find required class 'org.springframework.data.rest.webmvc.config.RepositoryRestMvcConfiguration' (OnClassCondition)

   Saml2RelyingPartyAutoConfiguration:
      Did not match:
         - @ConditionalOnClass did not find required class 'org.springframework.security.saml2.provider.service.registration.RelyingPartyRegistrationRepository' (OnClassCondition)

   SecurityAutoConfiguration:
      Did not match:
         - @ConditionalOnClass did not find required class 'org.springframework.security.authentication.DefaultAuthenticationEventPublisher' (OnClassCondition)

   SecurityFilterAutoConfiguration:
      Did not match:
         - @ConditionalOnClass did not find required class 'org.springframework.security.config.http.SessionCreationPolicy' (OnClassCondition)

   SendGridAutoConfiguration:
      Did not match:
         - @ConditionalOnClass did not find required class 'com.sendgrid.SendGrid' (OnClassCondition)

   ServletWebServerFactoryAutoConfiguration.ForwardedHeaderFilterConfiguration:
      Did not match:
         - @ConditionalOnProperty (server.forward-headers-strategy=framework) did not find property 'server.forward-headers-strategy' (OnPropertyCondition)

   ServletWebServerFactoryConfiguration.EmbeddedJetty:
      Did not match:
         - @ConditionalOnClass did not find required classes 'org.eclipse.jetty.server.Server', 'org.eclipse.jetty.util.Loader', 'org.eclipse.jetty.webapp.WebAppContext' (OnClassCondition)

   ServletWebServerFactoryConfiguration.EmbeddedUndertow:
      Did not match:
         - @ConditionalOnClass did not find required classes 'io.undertow.Undertow', 'org.xnio.SslClientAuthMode' (OnClassCondition)

   SessionAutoConfiguration:
      Did not match:
         - @ConditionalOnClass did not find required class 'org.springframework.session.Session' (OnClassCondition)

   SpringApplicationAdminJmxAutoConfiguration:
      Did not match:
         - @ConditionalOnProperty (spring.application.admin.enabled=true) did not find property 'enabled' (OnPropertyCondition)

   TaskSchedulingAutoConfiguration#scheduledBeanLazyInitializationExcludeFilter:
      Did not match:
         - @ConditionalOnBean (names: org.springframework.context.annotation.internalScheduledAnnotationProcessor; SearchStrategy: all) did not find any beans named org.springframework.context.annotation.internalScheduledAnnotationProcessor (OnBeanCondition)

   TaskSchedulingAutoConfiguration#taskScheduler:
      Did not match:
         - @ConditionalOnBean (names: org.springframework.context.annotation.internalScheduledAnnotationProcessor; SearchStrategy: all) did not find any beans named org.springframework.context.annotation.internalScheduledAnnotationProcessor (OnBeanCondition)

   ThymeleafAutoConfiguration:
      Did not match:
         - @ConditionalOnClass did not find required class 'org.thymeleaf.spring6.SpringTemplateEngine' (OnClassCondition)

   TransactionAutoConfiguration#transactionalOperator:
      Did not match:
         - @ConditionalOnSingleCandidate (types: org.springframework.transaction.ReactiveTransactionManager; SearchStrategy: all) did not find any beans (OnBeanCondition)

   TransactionAutoConfiguration.EnableTransactionManagementConfiguration.JdkDynamicAutoProxyConfiguration:
      Did not match:
         - @ConditionalOnProperty (spring.aop.proxy-target-class=false) did not find property 'proxy-target-class' (OnPropertyCondition)

   UserDetailsServiceAutoConfiguration:
      Did not match:
         - @ConditionalOnClass did not find required class 'org.springframework.security.authentication.AuthenticationManager' (OnClassCondition)

   ValidationAutoConfiguration:
      Did not match:
         - @ConditionalOnClass did not find required class 'jakarta.validation.executable.ExecutableValidator' (OnClassCondition)

   WebClientAutoConfiguration:
      Did not match:
         - @ConditionalOnClass did not find required class 'org.springframework.web.reactive.function.client.WebClient' (OnClassCondition)

   WebFluxAutoConfiguration:
      Did not match:
         - @ConditionalOnClass did not find required class 'org.springframework.web.reactive.config.WebFluxConfigurer' (OnClassCondition)

   WebMvcAutoConfiguration#hiddenHttpMethodFilter:
      Did not match:
         - @ConditionalOnProperty (spring.mvc.hiddenmethod.filter.enabled) did not find property 'enabled' (OnPropertyCondition)

   WebMvcAutoConfiguration.ProblemDetailsErrorHandlingConfiguration:
      Did not match:
         - @ConditionalOnProperty (spring.mvc.problemdetails.enabled=true) did not find property 'enabled' (OnPropertyCondition)

   WebMvcAutoConfiguration.ResourceChainCustomizerConfiguration:
      Did not match:
         - @ConditionalOnEnabledResourceChain did not find class org.webjars.WebJarAssetLocator (OnEnabledResourceChainCondition)

   WebMvcAutoConfiguration.WebMvcAutoConfigurationAdapter#beanNameViewResolver:
      Did not match:
         - @ConditionalOnMissingBean (types: org.springframework.web.servlet.view.BeanNameViewResolver; SearchStrategy: all) found beans of type 'org.springframework.web.servlet.view.BeanNameViewResolver' beanNameViewResolver (OnBeanCondition)

   WebServiceTemplateAutoConfiguration:
      Did not match:
         - @ConditionalOnClass did not find required class 'org.springframework.oxm.Marshaller' (OnClassCondition)

   WebServicesAutoConfiguration:
      Did not match:
         - @ConditionalOnClass did not find required class 'org.springframework.ws.transport.http.MessageDispatcherServlet' (OnClassCondition)

   WebSessionIdResolverAutoConfiguration:
      Did not match:
         - @ConditionalOnClass did not find required class 'reactor.core.publisher.Mono' (OnClassCondition)

   WebSocketMessagingAutoConfiguration:
      Did not match:
         - @ConditionalOnClass did not find required class 'org.springframework.web.socket.config.annotation.WebSocketMessageBrokerConfigurer' (OnClassCondition)

   WebSocketReactiveAutoConfiguration:
      Did not match:
         - @ConditionalOnWebApplication did not find reactive web application classes (OnWebApplicationCondition)

   WebSocketServletAutoConfiguration.JettyWebSocketConfiguration:
      Did not match:
         - @ConditionalOnClass did not find required class 'org.eclipse.jetty.websocket.jakarta.server.config.JakartaWebSocketServletContainerInitializer' (OnClassCondition)

   WebSocketServletAutoConfiguration.UndertowWebSocketConfiguration:
      Did not match:
         - @ConditionalOnClass did not find required class 'io.undertow.websockets.jsr.Bootstrap' (OnClassCondition)

   XADataSourceAutoConfiguration:
      Did not match:
         - @ConditionalOnBean (types: org.springframework.boot.jdbc.XADataSourceWrapper; SearchStrategy: all) did not find any beans of type org.springframework.boot.jdbc.XADataSourceWrapper (OnBeanCondition)
      Matched:
         - @ConditionalOnClass found required classes 'javax.sql.DataSource', 'jakarta.transaction.TransactionManager', 'org.springframework.jdbc.datasource.embedded.EmbeddedDatabaseType' (OnClassCondition)


Exclusions:
-----------

    None


Unconditional classes:
----------------------

    org.springframework.boot.autoconfigure.context.ConfigurationPropertiesAutoConfiguration

    org.springframework.boot.autoconfigure.ssl.SslAutoConfiguration

    org.springframework.boot.autoconfigure.context.LifecycleAutoConfiguration

    org.springframework.boot.autoconfigure.context.PropertyPlaceholderAutoConfiguration

    org.springframework.boot.autoconfigure.availability.ApplicationAvailabilityAutoConfiguration

    org.springframework.boot.autoconfigure.info.ProjectInfoAutoConfiguration



2023-10-15T15:22:10.458+05:30  INFO 9808 --- [           main] c.M.P.ProductListingApiApplicationTests  : Started ProductListingApiApplicationTests in 15.379 seconds (process running for 18.618)
2023-10-15T15:22:10.462+05:30 DEBUG 9808 --- [           main] o.s.b.a.ApplicationAvailabilityBean      : Application availability state LivenessState changed to CORRECT
2023-10-15T15:22:10.466+05:30 DEBUG 9808 --- [           main] o.s.b.a.ApplicationAvailabilityBean      : Application availability state ReadinessState changed to ACCEPTING_TRAFFIC
2023-10-15T15:22:10.473+05:30 DEBUG 9808 --- [           main] org.springframework.test.context.cache   : Spring test ApplicationContext cache statistics: [DefaultContextCache@5003c114 size = 1, maxSize = 32, parentContextCount = 0, hitCount = 0, missCount = 1]
2023-10-15T15:22:10.474+05:30 DEBUG 9808 --- [           main] o.s.t.c.w.ServletTestExecutionListener   : Setting up MockHttpServletRequest, MockHttpServletResponse, ServletWebRequest, and RequestContextHolder for test class com.Management.ProductListing.ProductListingApiApplicationTests
2023-10-15T15:22:10.516+05:30 DEBUG 9808 --- [           main] DependencyInjectionTestExecutionListener : Performing dependency injection for test class com.Management.ProductListing.ProductListingApiApplicationTests
2023-10-15T15:22:10.516+05:30 DEBUG 9808 --- [           main] org.springframework.test.context.cache   : Spring test ApplicationContext cache statistics: [DefaultContextCache@5003c114 size = 1, maxSize = 32, parentContextCount = 0, hitCount = 1, missCount = 1]
2023-10-15T15:22:10.520+05:30 DEBUG 9808 --- [           main] org.springframework.test.context.cache   : Spring test ApplicationContext cache statistics: [DefaultContextCache@5003c114 size = 1, maxSize = 32, parentContextCount = 0, hitCount = 2, missCount = 1]
2023-10-15T15:22:10.567+05:30 DEBUG 9808 --- [           main] sContextBeforeModesTestExecutionListener : Before test method: class [ProductListingApiApplicationTests], method [contextLoads], class annotated with @DirtiesContext [false] with mode [null], method annotated with @DirtiesContext [false] with mode [null]
2023-10-15T15:22:10.584+05:30 DEBUG 9808 --- [           main] org.springframework.test.context.cache   : Spring test ApplicationContext cache statistics: [DefaultContextCache@5003c114 size = 1, maxSize = 32, parentContextCount = 0, hitCount = 3, missCount = 1]
2023-10-15T15:22:10.585+05:30 DEBUG 9808 --- [           main] org.springframework.test.context.cache   : Spring test ApplicationContext cache statistics: [DefaultContextCache@5003c114 size = 1, maxSize = 32, parentContextCount = 0, hitCount = 4, missCount = 1]
2023-10-15T15:22:12.065+05:30 DEBUG 9808 --- [           main] org.springframework.test.context.cache   : Spring test ApplicationContext cache statistics: [DefaultContextCache@5003c114 size = 1, maxSize = 32, parentContextCount = 0, hitCount = 5, missCount = 1]
2023-10-15T15:22:12.077+05:30 DEBUG 9808 --- [           main] org.springframework.test.context.cache   : Spring test ApplicationContext cache statistics: [DefaultContextCache@5003c114 size = 1, maxSize = 32, parentContextCount = 0, hitCount = 6, missCount = 1]
2023-10-15T15:22:12.079+05:30 DEBUG 9808 --- [           main] org.springframework.test.context.cache   : Spring test ApplicationContext cache statistics: [DefaultContextCache@5003c114 size = 1, maxSize = 32, parentContextCount = 0, hitCount = 7, missCount = 1]
2023-10-15T15:22:12.080+05:30 DEBUG 9808 --- [           main] org.springframework.test.context.cache   : Spring test ApplicationContext cache statistics: [DefaultContextCache@5003c114 size = 1, maxSize = 32, parentContextCount = 0, hitCount = 8, missCount = 1]
2023-10-15T15:22:12.081+05:30 DEBUG 9808 --- [           main] org.springframework.test.context.cache   : Spring test ApplicationContext cache statistics: [DefaultContextCache@5003c114 size = 1, maxSize = 32, parentContextCount = 0, hitCount = 9, missCount = 1]
2023-10-15T15:22:12.083+05:30 DEBUG 9808 --- [           main] org.springframework.test.context.cache   : Spring test ApplicationContext cache statistics: [DefaultContextCache@5003c114 size = 1, maxSize = 32, parentContextCount = 0, hitCount = 10, missCount = 1]
2023-10-15T15:22:12.086+05:30 DEBUG 9808 --- [           main] org.springframework.test.context.cache   : Spring test ApplicationContext cache statistics: [DefaultContextCache@5003c114 size = 1, maxSize = 32, parentContextCount = 0, hitCount = 11, missCount = 1]
2023-10-15T15:22:12.087+05:30 DEBUG 9808 --- [           main] .c.s.DirtiesContextTestExecutionListener : After test method: class [ProductListingApiApplicationTests], method [contextLoads], class annotated with @DirtiesContext [false] with mode [null], method annotated with @DirtiesContext [false] with mode [null]
2023-10-15T15:22:12.087+05:30 DEBUG 9808 --- [           main] o.s.t.c.w.ServletTestExecutionListener   : Resetting RequestContextHolder for test class com.Management.ProductListing.ProductListingApiApplicationTests
]]></system-out>
    <system-err><![CDATA[log4j:WARN No such property [maxBackupIndex] in org.apache.log4j.rolling.RollingFileAppender.
log4j:WARN No such property [maxFileSize] in org.apache.log4j.rolling.RollingFileAppender.
log4j:WARN Please set a rolling policy for the RollingFileAppender named 'file'
]]></system-err>
  </testcase>
</testsuite>